[0mmoveit_task_constructor_core: You did not request a specific build type: Choosing 'Release' for maximum performance[0m
[01m[K/home/darsh/UR3_ROS2_PICK_AND_PLACE/src/moveit_task_constructor/core/src/storage.cpp:[m[K In member function â€˜[01m[Kvirtual void moveit::task_constructor::SubTrajectory::[01;32m[KappendTo[m[K(moveit_task_constructor_msgs::msg::Solution&, moveit::task_constructor::Introspection*) const[m[Kâ€™:
[01m[K/home/darsh/UR3_ROS2_PICK_AND_PLACE/src/moveit_task_constructor/core/src/storage.cpp:240:9:[m[K [01;35m[Kwarning: [m[Kthis â€˜[01m[Kif[m[Kâ€™ clause does not guard... [[01;35m[K]8;;https://gcc.gnu.org/onlinedocs/gcc/Warning-Options.html#index-Wmisleading-indentation-Wmisleading-indentation]8;;[m[K]
  240 |         [01;35m[Kif[m[K (trajectory())
      |         [01;35m[K^~[m[K
[01m[K/home/darsh/UR3_ROS2_PICK_AND_PLACE/src/moveit_task_constructor/core/src/storage.cpp:244:17:[m[K [01;36m[Knote: [m[K...this statement, but the latter is misleadingly indented as if it were guarded by the â€˜[01m[Kif[m[Kâ€™
  244 |                 [01;36m[Kthis[m[K->end()->scene()->getPlanningSceneMsg(t.scene_diff);
      |                 [01;36m[K^~~~[m[K
[01m[K/home/darsh/UR3_ROS2_PICK_AND_PLACE/src/moveit_task_constructor/core/src/solvers/cartesian_path.cpp:[m[K In member function â€˜[01m[Kvirtual moveit::task_constructor::solvers::PlannerInterface::Result moveit::task_constructor::solvers::CartesianPath::[01;32m[Kplan[m[K(const planning_scene::PlanningSceneConstPtr&, const moveit::core::LinkModel&, const Eigen::Isometry3d&, const Eigen::Isometry3d&, const moveit::core::JointModelGroup*, double, robot_trajectory::RobotTrajectoryPtr&, const moveit_msgs::msg::Constraints&)[m[Kâ€™:
[01m[K/home/darsh/UR3_ROS2_PICK_AND_PLACE/src/moveit_task_constructor/core/src/solvers/cartesian_path.cpp:123:80:[m[K [01;35m[Kwarning: [m[Kâ€˜[01m[Kmoveit::core::JumpThreshold::[01;32m[KJumpThreshold[m[K(double)[m[Kâ€™ is deprecated: Use JumpThreshold::relative() instead. [[01;35m[K]8;;https://gcc.gnu.org/onlinedocs/gcc/Warning-Options.html#index-Wdeprecated-declarations-Wdeprecated-declarations]8;;[m[K]
  123 |                 moveit::core::JumpThreshold(props.get<double>("jump_threshold")[01;35m[K)[m[K, is_valid,
      |                                                                                [01;35m[K^[m[K
In file included from [01m[K/home/darsh/UR3_ROS2_PICK_AND_PLACE/src/moveit_task_constructor/core/src/solvers/cartesian_path.cpp:44[m[K:
[01m[K/opt/ros/jazzy/include/moveit_core/moveit/robot_state/cartesian_interpolator.hpp:82:60:[m[K [01;36m[Knote: [m[Kdeclared here
   82 |   [[deprecated("Use JumpThreshold::relative() instead.")]] [01;36m[KJumpThreshold[m[K(double relative_factor);
      |                                                            [01;36m[K^~~~~~~~~~~~~[m[K
[01m[K/home/darsh/UR3_ROS2_PICK_AND_PLACE/src/moveit_task_constructor/core/src/solvers/cartesian_path.cpp:120:93:[m[K [01;35m[Kwarning: [m[Kâ€˜[01m[Kstatic moveit::core::CartesianInterpolator::Percentage moveit::core::CartesianInterpolator::[01;32m[KcomputeCartesianPath[m[K(moveit::core::RobotState*, const moveit::core::JointModelGroup*, std::vector<std::shared_ptr<moveit::core::RobotState> >&, const moveit::core::LinkModel*, const Eigen::Isometry3d&, bool, const moveit::core::MaxEEFStep&, const moveit::core::JumpThreshold&, const moveit::core::GroupStateValidityCallbackFn&, const kinematics::KinematicsQueryOptions&, const kinematics::KinematicsBase::IKCostFn&, const Eigen::Isometry3d&)[m[Kâ€™ is deprecated: Replace JumpThreshold with CartesianPrecision [[01;35m[K]8;;https://gcc.gnu.org/onlinedocs/gcc/Warning-Options.html#index-Wdeprecated-declarations-Wdeprecated-declarations]8;;[m[K]
  120 |         double achieved_fraction = [01;35m[Kmoveit::core::CartesianInterpolator::computeCartesianPath([m[K
      |                                    [01;35m[K~~~~~~~~~~~~~~~~~~~~~~~~~~~~~~~~~~~~~~~~~~~~~~~~~~~~~~~~~^[m[K
  121 | [01;35m[K            &(sandbox_scene->getCurrentStateNonConst()), jmg, trajectory, &link, target, true,[m[K
      |             [01;35m[K~~~~~~~~~~~~~~~~~~~~~~~~~~~~~~~~~~~~~~~~~~~~~~~~~~~~~~~~~~~~~~~~~~~~~~~~~~~~~~~~~~[m[K
  122 | [01;35m[K            moveit::core::MaxEEFStep(props.get<double>("step_size")),[m[K
      |             [01;35m[K~~~~~~~~~~~~~~~~~~~~~~~~~~~~~~~~~~~~~~~~~~~~~~~~~~~~~~~~~[m[K                        
  123 | [01;35m[K                moveit::core::JumpThreshold(props.get<double>("jump_threshold")), is_valid,[m[K
      |                 [01;35m[K~~~~~~~~~~~~~~~~~~~~~~~~~~~~~~~~~~~~~~~~~~~~~~~~~~~~~~~~~~~~~~~~~~~~~~~~~~~[m[K  
  124 | [01;35m[K            props.get<kinematics::KinematicsQueryOptions>("kinematics_options"),[m[K
      |             [01;35m[K~~~~~~~~~~~~~~~~~~~~~~~~~~~~~~~~~~~~~~~~~~~~~~~~~~~~~~~~~~~~~~~~~~~~[m[K             
  125 | [01;35m[K            props.get<kinematics::KinematicsBase::IKCostFn>("kinematics_cost_fn"), offset)[m[K;
      |             [01;35m[K~~~~~~~~~~~~~~~~~~~~~~~~~~~~~~~~~~~~~~~~~~~~~~~~~~~~~~~~~~~~~~~~~~~~~~~~~~~~~~[m[K   
[01m[K/opt/ros/jazzy/include/moveit_core/moveit/robot_state/cartesian_interpolator.hpp:284:85:[m[K [01;36m[Knote: [m[Kdeclared here
  284 |   [[deprecated("Replace JumpThreshold with CartesianPrecision")]] static Percentage [01;36m[KcomputeCartesianPath[m[K(
      |                                                                                     [01;36m[K^~~~~~~~~~~~~~~~~~~~[m[K
[01m[Kc++:[m[K [01;31m[Kfatal error: [m[KKilled signal terminated program cc1plus
compilation terminated.
gmake[2]: *** [src/CMakeFiles/moveit_task_constructor_core.dir/build.make:90: src/CMakeFiles/moveit_task_constructor_core.dir/cost_terms.cpp.o] Error 1
gmake[2]: *** Waiting for unfinished jobs....
[01m[Kc++:[m[K [01;31m[Kfatal error: [m[KKilled signal terminated program cc1plus
compilation terminated.
gmake[2]: *** [src/CMakeFiles/moveit_task_constructor_core.dir/build.make:174: src/CMakeFiles/moveit_task_constructor_core.dir/storage.cpp.o] Error 1
gmake[1]: *** [CMakeFiles/Makefile2:364: src/CMakeFiles/moveit_task_constructor_core.dir/all] Error 2
gmake: *** [Makefile:146: all] Error 2
