[0.555s] Invoking command in '/home/darsh/ros2_ws/src/UR3_ROS2_PICK_AND_PLACE/build/moveit_task_constructor_core': AMENT_PREFIX_PATH=/home/darsh/ros2_ws/src/UR3_ROS2_PICK_AND_PLACE/install/rviz_marker_tools:/home/darsh/ros2_ws/src/UR3_ROS2_PICK_AND_PLACE/install/moveit_task_constructor_msgs:${AMENT_PREFIX_PATH} CMAKE_PREFIX_PATH=/home/darsh/ros2_ws/src/UR3_ROS2_PICK_AND_PLACE/install/rviz_marker_tools:/home/darsh/ros2_ws/src/UR3_ROS2_PICK_AND_PLACE/install/moveit_task_constructor_msgs:/opt/ros/jazzy/opt/gz_sim_vendor:/opt/ros/jazzy/opt/gz_sensors_vendor:/opt/ros/jazzy/opt/gz_physics_vendor:/opt/ros/jazzy/opt/sdformat_vendor:/opt/ros/jazzy/opt/gz_gui_vendor:/opt/ros/jazzy/opt/gz_transport_vendor:/opt/ros/jazzy/opt/gz_rendering_vendor:/opt/ros/jazzy/opt/gz_plugin_vendor:/opt/ros/jazzy/opt/gz_fuel_tools_vendor:/opt/ros/jazzy/opt/gz_msgs_vendor:/opt/ros/jazzy/opt/gz_common_vendor:/opt/ros/jazzy/opt/gz_tools_vendor:/opt/ros/jazzy/opt/gz_ogre_next_vendor:/opt/ros/jazzy/opt/gz_dartsim_vendor:/opt/ros/jazzy/opt/gz_math_vendor:/opt/ros/jazzy/opt/gz_utils_vendor:/opt/ros/jazzy/opt/gz_cmake_vendor:/opt/ros/jazzy LD_LIBRARY_PATH=/home/darsh/ros2_ws/src/UR3_ROS2_PICK_AND_PLACE/install/rviz_marker_tools/lib:/home/darsh/ros2_ws/src/UR3_ROS2_PICK_AND_PLACE/install/moveit_task_constructor_msgs/lib:${LD_LIBRARY_PATH} PYTHONPATH=/home/darsh/ros2_ws/src/UR3_ROS2_PICK_AND_PLACE/install/moveit_task_constructor_msgs/lib/python3.12/site-packages:${PYTHONPATH} /usr/bin/cmake /home/darsh/ros2_ws/src/UR3_ROS2_PICK_AND_PLACE/moveit_task_constructor/core -DCMAKE_INSTALL_PREFIX=/home/darsh/ros2_ws/src/UR3_ROS2_PICK_AND_PLACE/install/moveit_task_constructor_core
[1.018s] -- The C compiler identification is GNU 13.3.0
[2.106s] -- The CXX compiler identification is GNU 13.3.0
[3.004s] -- Detecting C compiler ABI info
[3.628s] -- Detecting C compiler ABI info - done
[3.649s] -- Check for working C compiler: /usr/bin/cc - skipped
[3.652s] -- Detecting C compile features
[3.653s] -- Detecting C compile features - done
[3.759s] -- Detecting CXX compiler ABI info
[4.161s] -- Detecting CXX compiler ABI info - done
[4.186s] -- Check for working CXX compiler: /usr/bin/c++ - skipped
[4.187s] -- Detecting CXX compile features
[4.189s] -- Detecting CXX compile features - done
[4.289s] -- Found ament_cmake: 2.5.3 (/opt/ros/jazzy/share/ament_cmake/cmake)
[4.689s] -- Found Python3: /usr/bin/python3 (found version "3.12.3") found components: Interpreter 
[5.177s] -- Found Boost: /usr/lib/x86_64-linux-gnu/cmake/Boost-1.83.0/BoostConfig.cmake (found version "1.83.0")  
[5.200s] -- Found geometry_msgs: 5.3.5 (/opt/ros/jazzy/share/geometry_msgs/cmake)
[5.612s] -- Found rosidl_generator_c: 4.6.5 (/opt/ros/jazzy/share/rosidl_generator_c/cmake)
[5.659s] -- Found rosidl_generator_cpp: 4.6.5 (/opt/ros/jazzy/share/rosidl_generator_cpp/cmake)
[5.715s] -- Using all available rosidl_typesupport_c: rosidl_typesupport_fastrtps_c;rosidl_typesupport_introspection_c
[5.785s] -- Using all available rosidl_typesupport_cpp: rosidl_typesupport_fastrtps_cpp;rosidl_typesupport_introspection_cpp
[5.932s] -- Found moveit_common: 2.12.2 (/opt/ros/jazzy/share/moveit_common/cmake)
[6.260s] [0mmoveit_task_constructor_core: You did not request a specific build type: Choosing 'Release' for maximum performance[0m
[6.269s] -- Found moveit_core: 2.12.2 (/opt/ros/jazzy/share/moveit_core/cmake)
[6.719s] -- Found Boost: /usr/lib/x86_64-linux-gnu/cmake/Boost-1.83.0/BoostConfig.cmake (found version "1.83.0") found components: chrono date_time filesystem iostreams program_options regex serialization system thread 
[8.440s] -- Found parameter_traits: 0.4.0 (/opt/ros/jazzy/share/parameter_traits/cmake)
[8.606s] -- Found rmw_implementation_cmake: 7.3.1 (/opt/ros/jazzy/share/rmw_implementation_cmake/cmake)
[8.614s] -- Found rmw_fastrtps_cpp: 8.4.1 (/opt/ros/jazzy/share/rmw_fastrtps_cpp/cmake)
[8.791s] -- Found OpenSSL: /usr/lib/x86_64-linux-gnu/libcrypto.so (found version "3.0.13")  
[9.013s] -- Found FastRTPS: /opt/ros/jazzy/include (Required is at least version "2.13") 
[9.143s] -- Using RMW implementation 'rmw_fastrtps_cpp' as default
[9.463s] -- Found rclcpp_lifecycle: 28.1.6 (/opt/ros/jazzy/share/rclcpp_lifecycle/cmake)
[9.541s] -- Found Boost: /usr/lib/x86_64-linux-gnu/cmake/Boost-1.83.0/BoostConfig.cmake (found version "1.83.0") found components: filesystem 
[9.807s] -- Found Eigen3: TRUE (found version "3.4.0") 
[9.807s] -- Ensuring Eigen3 include directory is part of orocos-kdl CMake target
[10.531s] -- Found moveit_ros_planning: 2.12.2 (/opt/ros/jazzy/share/moveit_ros_planning/cmake)
[10.538s] -- Found Boost: /usr/lib/x86_64-linux-gnu/cmake/Boost-1.83.0/BoostConfig.cmake (found version "1.83.0") found components: system filesystem date_time program_options thread chrono 
[10.614s] -- Found moveit_ros_planning_interface: 2.12.2 (/opt/ros/jazzy/share/moveit_ros_planning_interface/cmake)
[10.620s] -- Found Boost: /usr/lib/x86_64-linux-gnu/cmake/Boost-1.83.0/BoostConfig.cmake (found version "1.83.0") found components: date_time filesystem program_options system thread 
[10.656s] -- Found Boost: /usr/lib/x86_64-linux-gnu/cmake/Boost-1.83.0/BoostConfig.cmake (found version "1.83.0") found components: thread system filesystem regex date_time program_options 
[10.708s] -- Found Boost: /usr/lib/x86_64-linux-gnu/cmake/Boost-1.83.0/BoostConfig.cmake (found version "1.83.0") found components: system filesystem date_time program_options thread 
[10.783s] -- Found moveit_task_constructor_msgs: 0.1.3 (/home/darsh/ros2_ws/src/UR3_ROS2_PICK_AND_PLACE/install/moveit_task_constructor_msgs/share/moveit_task_constructor_msgs/cmake)
[10.853s] -- Found py_binding_tools: 2.0.1 (/opt/ros/jazzy/share/py_binding_tools/cmake)
[10.862s] -- Found rviz_marker_tools: 0.1.3 (/home/darsh/ros2_ws/src/UR3_ROS2_PICK_AND_PLACE/install/rviz_marker_tools/share/rviz_marker_tools/cmake)
[11.245s] -- Found Python3: /usr/bin/python3 (found version "3.12.3") found components: Interpreter Development Development.Module Development.Embed 
[11.272s] -- pybind11 v2.13.0 dev1
[11.395s] -- Found PythonInterp: /usr/bin/python3 (found suitable version "3.12.3", minimum required is "3.6") 
[11.424s] -- Found PythonLibs: /usr/lib/x86_64-linux-gnu/libpython3.12.so
[11.431s] -- Performing Test HAS_FLTO
[11.853s] -- Performing Test HAS_FLTO - Success
[11.875s] -- Found ament_cmake_pytest: 2.5.3 (/opt/ros/jazzy/share/ament_cmake_pytest/cmake)
[11.882s] -- Found launch_testing_ament_cmake: 3.4.3 (/opt/ros/jazzy/share/launch_testing_ament_cmake/cmake)
[11.888s] -- Found python_cmake_module: 0.11.1 (/opt/ros/jazzy/share/python_cmake_module/cmake)
[11.925s] -- Found Python3: /usr/bin/python3 (found version "3.12.3") found components: Interpreter 
[11.927s] -- Found PythonExtra: /usr/bin/python3  
[13.049s] -- Found ament_cmake_gtest: 2.5.3 (/opt/ros/jazzy/share/ament_cmake_gtest/cmake)
[13.056s] -- Found ament_cmake_gmock: 2.5.3 (/opt/ros/jazzy/share/ament_cmake_gmock/cmake)
[13.059s] -- Found launch_testing_ament_cmake: 3.4.3 (/opt/ros/jazzy/share/launch_testing_ament_cmake/cmake)
[13.060s] -- Found python_cmake_module: 0.11.1 (/opt/ros/jazzy/share/python_cmake_module/cmake)
[13.109s] -- Found gmock sources under '/opt/ros/jazzy/src/gmock_vendor': C++ tests using 'Google Mock' will be built
[13.122s] -- Found gtest sources under '/opt/ros/jazzy/src/gtest_vendor': C++ tests using 'Google Test' will be built
[13.129s] -- Found Threads: TRUE  
[13.165s] -- Configuring done (12.6s)
[13.870s] -- Generating done (0.6s)
[14.013s] -- Build files have been written to: /home/darsh/ros2_ws/src/UR3_ROS2_PICK_AND_PLACE/build/moveit_task_constructor_core
[14.052s] Invoked command in '/home/darsh/ros2_ws/src/UR3_ROS2_PICK_AND_PLACE/build/moveit_task_constructor_core' returned '0': AMENT_PREFIX_PATH=/home/darsh/ros2_ws/src/UR3_ROS2_PICK_AND_PLACE/install/rviz_marker_tools:/home/darsh/ros2_ws/src/UR3_ROS2_PICK_AND_PLACE/install/moveit_task_constructor_msgs:${AMENT_PREFIX_PATH} CMAKE_PREFIX_PATH=/home/darsh/ros2_ws/src/UR3_ROS2_PICK_AND_PLACE/install/rviz_marker_tools:/home/darsh/ros2_ws/src/UR3_ROS2_PICK_AND_PLACE/install/moveit_task_constructor_msgs:/opt/ros/jazzy/opt/gz_sim_vendor:/opt/ros/jazzy/opt/gz_sensors_vendor:/opt/ros/jazzy/opt/gz_physics_vendor:/opt/ros/jazzy/opt/sdformat_vendor:/opt/ros/jazzy/opt/gz_gui_vendor:/opt/ros/jazzy/opt/gz_transport_vendor:/opt/ros/jazzy/opt/gz_rendering_vendor:/opt/ros/jazzy/opt/gz_plugin_vendor:/opt/ros/jazzy/opt/gz_fuel_tools_vendor:/opt/ros/jazzy/opt/gz_msgs_vendor:/opt/ros/jazzy/opt/gz_common_vendor:/opt/ros/jazzy/opt/gz_tools_vendor:/opt/ros/jazzy/opt/gz_ogre_next_vendor:/opt/ros/jazzy/opt/gz_dartsim_vendor:/opt/ros/jazzy/opt/gz_math_vendor:/opt/ros/jazzy/opt/gz_utils_vendor:/opt/ros/jazzy/opt/gz_cmake_vendor:/opt/ros/jazzy LD_LIBRARY_PATH=/home/darsh/ros2_ws/src/UR3_ROS2_PICK_AND_PLACE/install/rviz_marker_tools/lib:/home/darsh/ros2_ws/src/UR3_ROS2_PICK_AND_PLACE/install/moveit_task_constructor_msgs/lib:${LD_LIBRARY_PATH} PYTHONPATH=/home/darsh/ros2_ws/src/UR3_ROS2_PICK_AND_PLACE/install/moveit_task_constructor_msgs/lib/python3.12/site-packages:${PYTHONPATH} /usr/bin/cmake /home/darsh/ros2_ws/src/UR3_ROS2_PICK_AND_PLACE/moveit_task_constructor/core -DCMAKE_INSTALL_PREFIX=/home/darsh/ros2_ws/src/UR3_ROS2_PICK_AND_PLACE/install/moveit_task_constructor_core
[14.054s] Invoking command in '/home/darsh/ros2_ws/src/UR3_ROS2_PICK_AND_PLACE/build/moveit_task_constructor_core': AMENT_PREFIX_PATH=/home/darsh/ros2_ws/src/UR3_ROS2_PICK_AND_PLACE/install/rviz_marker_tools:/home/darsh/ros2_ws/src/UR3_ROS2_PICK_AND_PLACE/install/moveit_task_constructor_msgs:${AMENT_PREFIX_PATH} CMAKE_PREFIX_PATH=/home/darsh/ros2_ws/src/UR3_ROS2_PICK_AND_PLACE/install/rviz_marker_tools:/home/darsh/ros2_ws/src/UR3_ROS2_PICK_AND_PLACE/install/moveit_task_constructor_msgs:/opt/ros/jazzy/opt/gz_sim_vendor:/opt/ros/jazzy/opt/gz_sensors_vendor:/opt/ros/jazzy/opt/gz_physics_vendor:/opt/ros/jazzy/opt/sdformat_vendor:/opt/ros/jazzy/opt/gz_gui_vendor:/opt/ros/jazzy/opt/gz_transport_vendor:/opt/ros/jazzy/opt/gz_rendering_vendor:/opt/ros/jazzy/opt/gz_plugin_vendor:/opt/ros/jazzy/opt/gz_fuel_tools_vendor:/opt/ros/jazzy/opt/gz_msgs_vendor:/opt/ros/jazzy/opt/gz_common_vendor:/opt/ros/jazzy/opt/gz_tools_vendor:/opt/ros/jazzy/opt/gz_ogre_next_vendor:/opt/ros/jazzy/opt/gz_dartsim_vendor:/opt/ros/jazzy/opt/gz_math_vendor:/opt/ros/jazzy/opt/gz_utils_vendor:/opt/ros/jazzy/opt/gz_cmake_vendor:/opt/ros/jazzy LD_LIBRARY_PATH=/home/darsh/ros2_ws/src/UR3_ROS2_PICK_AND_PLACE/install/rviz_marker_tools/lib:/home/darsh/ros2_ws/src/UR3_ROS2_PICK_AND_PLACE/install/moveit_task_constructor_msgs/lib:${LD_LIBRARY_PATH} PYTHONPATH=/home/darsh/ros2_ws/src/UR3_ROS2_PICK_AND_PLACE/install/moveit_task_constructor_msgs/lib/python3.12/site-packages:${PYTHONPATH} /usr/bin/cmake --build /home/darsh/ros2_ws/src/UR3_ROS2_PICK_AND_PLACE/build/moveit_task_constructor_core -- -j16 -l16
[14.129s] [  1%] [32mBuilding CXX object gmock/CMakeFiles/gmock.dir/opt/ros/jazzy/src/gtest_vendor/src/gtest-all.cc.o[0m
[14.132s] [  3%] [32mBuilding CXX object gtest/CMakeFiles/gtest.dir/src/gtest-all.cc.o[0m
[14.132s] [  4%] [32mBuilding CXX object gmock/CMakeFiles/gmock_main.dir/src/gmock_main.cc.o[0m
[14.132s] [  5%] [32mBuilding CXX object src/CMakeFiles/moveit_task_constructor_core.dir/properties.cpp.o[0m
[14.132s] [  6%] [32mBuilding CXX object src/CMakeFiles/moveit_task_constructor_core.dir/merge.cpp.o[0m
[14.133s] [  8%] [32mBuilding CXX object src/CMakeFiles/moveit_task_constructor_core.dir/marker_tools.cpp.o[0m
[14.133s] [  4%] [32mBuilding CXX object src/CMakeFiles/moveit_task_constructor_core.dir/cost_terms.cpp.o[0m
[14.135s] [  9%] [32mBuilding CXX object gmock/CMakeFiles/gmock.dir/src/gmock-all.cc.o[0m
[14.136s] [ 10%] [32mBuilding CXX object gtest/CMakeFiles/gtest_main.dir/src/gtest_main.cc.o[0m
[14.137s] [ 11%] [32mBuilding CXX object src/CMakeFiles/moveit_task_constructor_core.dir/stage.cpp.o[0m
[14.138s] [ 12%] [32mBuilding CXX object src/CMakeFiles/moveit_task_constructor_core.dir/introspection.cpp.o[0m
[14.145s] [ 13%] [32mBuilding CXX object src/CMakeFiles/moveit_task_constructor_core.dir/container.cpp.o[0m
[14.146s] [ 14%] [32mBuilding CXX object src/CMakeFiles/moveit_task_constructor_core.dir/storage.cpp.o[0m
[14.155s] [ 16%] [32mBuilding CXX object src/CMakeFiles/moveit_task_constructor_core.dir/task.cpp.o[0m
[14.158s] [ 17%] [32mBuilding CXX object src/CMakeFiles/moveit_task_constructor_core.dir/utils.cpp.o[0m
[14.170s] [ 17%] Built target ament_cmake_python_copy_moveit
[14.191s] [ 18%] [32mBuilding CXX object src/CMakeFiles/moveit_task_constructor_core.dir/solvers/planner_interface.cpp.o[0m
[19.003s] [ 19%] [32m[1mLinking CXX static library libgtest_main.a[0m
[19.178s] [ 19%] Built target gtest_main
[20.857s] running egg_info
[20.860s] creating moveit.egg-info
[21.012s] writing moveit.egg-info/PKG-INFO
[21.024s] writing dependency_links to moveit.egg-info/dependency_links.txt
[21.026s] writing top-level names to moveit.egg-info/top_level.txt
[21.028s] writing manifest file 'moveit.egg-info/SOURCES.txt'
[21.333s] reading manifest file 'moveit.egg-info/SOURCES.txt'
[21.337s] writing manifest file 'moveit.egg-info/SOURCES.txt'
[21.373s] [ 20%] [32m[1mLinking CXX static library libgmock_main.a[0m
[21.566s] [ 20%] Built target ament_cmake_python_build_moveit_egg
[21.623s] [ 21%] [32mBuilding CXX object src/CMakeFiles/moveit_task_constructor_core.dir/solvers/cartesian_path.cpp.o[0m
[21.809s] [ 21%] Built target gmock_main
[21.855s] [ 22%] [32mBuilding CXX object src/CMakeFiles/moveit_task_constructor_core.dir/solvers/joint_interpolation.cpp.o[0m
[35.399s] [ 25%] [32mBuilding CXX object src/CMakeFiles/moveit_task_constructor_core.dir/solvers/pipeline_planner.cpp.o[0m
[35.405s] [ 25%] [32mBuilding CXX object src/CMakeFiles/moveit_task_constructor_core.dir/solvers/multi_planner.cpp.o[0m
[79.468s] [01m[K/home/darsh/ros2_ws/src/UR3_ROS2_PICK_AND_PLACE/moveit_task_constructor/core/src/solvers/cartesian_path.cpp:[m[K In member function â€˜[01m[Kvirtual moveit::task_constructor::solvers::PlannerInterface::Result moveit::task_constructor::solvers::CartesianPath::[01;32m[Kplan[m[K(const planning_scene::PlanningSceneConstPtr&, const moveit::core::LinkModel&, const Eigen::Isometry3d&, const Eigen::Isometry3d&, const moveit::core::JointModelGroup*, double, robot_trajectory::RobotTrajectoryPtr&, const moveit_msgs::msg::Constraints&)[m[Kâ€™:
[81.633s] [01m[K/home/darsh/ros2_ws/src/UR3_ROS2_PICK_AND_PLACE/moveit_task_constructor/core/src/solvers/cartesian_path.cpp:123:76:[m[K [01;35m[Kwarning: [m[Kâ€˜[01m[Kmoveit::core::JumpThreshold::[01;32m[KJumpThreshold[m[K(double)[m[Kâ€™ is deprecated: Use JumpThreshold::relative() instead. [[01;35m[K]8;;https://gcc.gnu.org/onlinedocs/gcc/Warning-Options.html#index-Wdeprecated-declarations-Wdeprecated-declarations]8;;[m[K]
[81.657s]   123 |             moveit::core::JumpThreshold(props.get<double>("jump_threshold")[01;35m[K)[m[K, is_valid,
[81.661s]       |                                                                            [01;35m[K^[m[K
[82.101s] In file included from [01m[K/home/darsh/ros2_ws/src/UR3_ROS2_PICK_AND_PLACE/moveit_task_constructor/core/src/solvers/cartesian_path.cpp:44[m[K:
[82.102s] [01m[K/opt/ros/jazzy/include/moveit_core/moveit/robot_state/cartesian_interpolator.hpp:82:60:[m[K [01;36m[Knote: [m[Kdeclared here
[82.316s]    82 |   [[deprecated("Use JumpThreshold::relative() instead.")]] [01;36m[KJumpThreshold[m[K(double relative_factor);
[82.317s]       |                                                            [01;36m[K^~~~~~~~~~~~~[m[K
[82.320s] [01m[K/home/darsh/ros2_ws/src/UR3_ROS2_PICK_AND_PLACE/moveit_task_constructor/core/src/solvers/cartesian_path.cpp:120:93:[m[K [01;35m[Kwarning: [m[Kâ€˜[01m[Kstatic moveit::core::CartesianInterpolator::Percentage moveit::core::CartesianInterpolator::[01;32m[KcomputeCartesianPath[m[K(moveit::core::RobotState*, const moveit::core::JointModelGroup*, std::vector<std::shared_ptr<moveit::core::RobotState> >&, const moveit::core::LinkModel*, const Eigen::Isometry3d&, bool, const moveit::core::MaxEEFStep&, const moveit::core::JumpThreshold&, const moveit::core::GroupStateValidityCallbackFn&, const kinematics::KinematicsQueryOptions&, const kinematics::KinematicsBase::IKCostFn&, const Eigen::Isometry3d&)[m[Kâ€™ is deprecated: Replace JumpThreshold with CartesianPrecision [[01;35m[K]8;;https://gcc.gnu.org/onlinedocs/gcc/Warning-Options.html#index-Wdeprecated-declarations-Wdeprecated-declarations]8;;[m[K]
[82.320s]   120 |         double achieved_fraction = [01;35m[Kmoveit::core::CartesianInterpolator::computeCartesianPath([m[K
[82.320s]       |                                    [01;35m[K~~~~~~~~~~~~~~~~~~~~~~~~~~~~~~~~~~~~~~~~~~~~~~~~~~~~~~~~~^[m[K
[82.321s]   121 | [01;35m[K            &(sandbox_scene->getCurrentStateNonConst()), jmg, trajectory, &link, target, true,[m[K
[82.321s]       |             [01;35m[K~~~~~~~~~~~~~~~~~~~~~~~~~~~~~~~~~~~~~~~~~~~~~~~~~~~~~~~~~~~~~~~~~~~~~~~~~~~~~~~~~~[m[K
[82.321s]   122 | [01;35m[K            moveit::core::MaxEEFStep(props.get<double>("step_size")),[m[K
[82.321s]       |             [01;35m[K~~~~~~~~~~~~~~~~~~~~~~~~~~~~~~~~~~~~~~~~~~~~~~~~~~~~~~~~~[m[K                        
[82.322s]   123 | [01;35m[K            moveit::core::JumpThreshold(props.get<double>("jump_threshold")), is_valid,[m[K
[82.322s]       |             [01;35m[K~~~~~~~~~~~~~~~~~~~~~~~~~~~~~~~~~~~~~~~~~~~~~~~~~~~~~~~~~~~~~~~~~~~~~~~~~~~[m[K      
[82.322s]   124 | [01;35m[K            props.get<kinematics::KinematicsQueryOptions>("kinematics_options"),[m[K
[82.322s]       |             [01;35m[K~~~~~~~~~~~~~~~~~~~~~~~~~~~~~~~~~~~~~~~~~~~~~~~~~~~~~~~~~~~~~~~~~~~~[m[K             
[82.322s]   125 | [01;35m[K            props.get<kinematics::KinematicsBase::IKCostFn>("kinematics_cost_fn"), offset)[m[K;
[82.323s]       |             [01;35m[K~~~~~~~~~~~~~~~~~~~~~~~~~~~~~~~~~~~~~~~~~~~~~~~~~~~~~~~~~~~~~~~~~~~~~~~~~~~~~~[m[K   
[82.323s] [01m[K/opt/ros/jazzy/include/moveit_core/moveit/robot_state/cartesian_interpolator.hpp:284:85:[m[K [01;36m[Knote: [m[Kdeclared here
[82.325s]   284 |   [[deprecated("Replace JumpThreshold with CartesianPrecision")]] static Percentage [01;36m[KcomputeCartesianPath[m[K(
[82.326s]       |                                                                                     [01;36m[K^~~~~~~~~~~~~~~~~~~~[m[K
[97.640s] [01m[Kc++:[m[K [01;31m[Kfatal error: [m[KKilled signal terminated program cc1plus
[97.645s] compilation terminated.
[97.716s] gmake[2]: *** [src/CMakeFiles/moveit_task_constructor_core.dir/build.make:244: src/CMakeFiles/moveit_task_constructor_core.dir/solvers/joint_interpolation.cpp.o] Error 1
[97.732s] gmake[2]: *** Waiting for unfinished jobs....
[103.354s] [01m[Kc++:[m[K [01;31m[Kfatal error: [m[KKilled signal terminated program cc1plus
[103.362s] compilation terminated.
[103.383s] gmake[2]: *** [src/CMakeFiles/moveit_task_constructor_core.dir/build.make:202: src/CMakeFiles/moveit_task_constructor_core.dir/utils.cpp.o] Error 1
[106.314s] [ 26%] [32m[1mLinking CXX static library libgtest.a[0m
[106.474s] [ 26%] Built target gtest
[110.027s] [ 27%] [32m[1mLinking CXX static library libgmock.a[0m
[110.136s] [ 27%] Built target gmock
[139.234s] gmake[1]: *** [CMakeFiles/Makefile2:364: src/CMakeFiles/moveit_task_constructor_core.dir/all] Error 2
[139.244s] gmake: *** [Makefile:146: all] Error 2
[139.407s] Invoked command in '/home/darsh/ros2_ws/src/UR3_ROS2_PICK_AND_PLACE/build/moveit_task_constructor_core' returned '2': AMENT_PREFIX_PATH=/home/darsh/ros2_ws/src/UR3_ROS2_PICK_AND_PLACE/install/rviz_marker_tools:/home/darsh/ros2_ws/src/UR3_ROS2_PICK_AND_PLACE/install/moveit_task_constructor_msgs:${AMENT_PREFIX_PATH} CMAKE_PREFIX_PATH=/home/darsh/ros2_ws/src/UR3_ROS2_PICK_AND_PLACE/install/rviz_marker_tools:/home/darsh/ros2_ws/src/UR3_ROS2_PICK_AND_PLACE/install/moveit_task_constructor_msgs:/opt/ros/jazzy/opt/gz_sim_vendor:/opt/ros/jazzy/opt/gz_sensors_vendor:/opt/ros/jazzy/opt/gz_physics_vendor:/opt/ros/jazzy/opt/sdformat_vendor:/opt/ros/jazzy/opt/gz_gui_vendor:/opt/ros/jazzy/opt/gz_transport_vendor:/opt/ros/jazzy/opt/gz_rendering_vendor:/opt/ros/jazzy/opt/gz_plugin_vendor:/opt/ros/jazzy/opt/gz_fuel_tools_vendor:/opt/ros/jazzy/opt/gz_msgs_vendor:/opt/ros/jazzy/opt/gz_common_vendor:/opt/ros/jazzy/opt/gz_tools_vendor:/opt/ros/jazzy/opt/gz_ogre_next_vendor:/opt/ros/jazzy/opt/gz_dartsim_vendor:/opt/ros/jazzy/opt/gz_math_vendor:/opt/ros/jazzy/opt/gz_utils_vendor:/opt/ros/jazzy/opt/gz_cmake_vendor:/opt/ros/jazzy LD_LIBRARY_PATH=/home/darsh/ros2_ws/src/UR3_ROS2_PICK_AND_PLACE/install/rviz_marker_tools/lib:/home/darsh/ros2_ws/src/UR3_ROS2_PICK_AND_PLACE/install/moveit_task_constructor_msgs/lib:${LD_LIBRARY_PATH} PYTHONPATH=/home/darsh/ros2_ws/src/UR3_ROS2_PICK_AND_PLACE/install/moveit_task_constructor_msgs/lib/python3.12/site-packages:${PYTHONPATH} /usr/bin/cmake --build /home/darsh/ros2_ws/src/UR3_ROS2_PICK_AND_PLACE/build/moveit_task_constructor_core -- -j16 -l16
