# This is the CMakeCache file.
# For build in directory: /home/darsh/ros2_ws/src/UR3_ROS2_PICK_AND_PLACE/build/moveit_task_constructor_core
# It was generated by CMake: /usr/bin/cmake
# You can edit this file to change values found and used by cmake.
# If you do not want to change any of the values, simply exit the editor.
# If you do want to change a value, simply edit, save, and exit the editor.
# The syntax for the file is as follows:
# KEY:TYPE=VALUE
# KEY is the name of a variable in the cache.
# TYPE is a hint to GUIs for the type of VALUE, DO NOT EDIT TYPE!.
# VALUE is the current value for the KEY.

########################
# EXTERNAL cache entries
########################

//Generate environment files in the CMAKE_INSTALL_PREFIX
AMENT_CMAKE_ENVIRONMENT_GENERATION:BOOL=OFF

//Generate environment files in the package share folder
AMENT_CMAKE_ENVIRONMENT_PACKAGE_GENERATION:BOOL=ON

//Generate marker file containing the parent prefix path
AMENT_CMAKE_ENVIRONMENT_PARENT_PREFIX_PATH_GENERATION:BOOL=ON

//Generate coverage information for Python tests
AMENT_CMAKE_PYTEST_WITH_COVERAGE:BOOL=OFF

//Replace the CMake install command with a custom implementation
// using symlinks instead of copying resources
AMENT_CMAKE_SYMLINK_INSTALL:BOOL=OFF

//Generate an uninstall target to revert the effects of the install
// step
AMENT_CMAKE_UNINSTALL_TARGET:BOOL=ON

//The path where test results are generated
AMENT_TEST_RESULTS_DIR:PATH=/home/darsh/ros2_ws/src/UR3_ROS2_PICK_AND_PLACE/build/moveit_task_constructor_core/test_results

//Build the testing tree.
BUILD_TESTING:BOOL=ON

//Path to a library.
BULLET_COLLISION_LIBRARY:FILEPATH=/usr/lib/x86_64-linux-gnu/libBulletCollision.so

//Path to a library.
BULLET_COLLISION_LIBRARY_DEBUG:FILEPATH=BULLET_COLLISION_LIBRARY_DEBUG-NOTFOUND

//Path to a library.
BULLET_DYNAMICS_LIBRARY:FILEPATH=/usr/lib/x86_64-linux-gnu/libBulletDynamics.so

//Path to a library.
BULLET_DYNAMICS_LIBRARY_DEBUG:FILEPATH=BULLET_DYNAMICS_LIBRARY_DEBUG-NOTFOUND

//Path to a file.
BULLET_INCLUDE_DIR:PATH=/usr/include/bullet

//Path to a library.
BULLET_MATH_LIBRARY:FILEPATH=/usr/lib/x86_64-linux-gnu/libLinearMath.so

//Path to a library.
BULLET_MATH_LIBRARY_DEBUG:FILEPATH=BULLET_MATH_LIBRARY_DEBUG-NOTFOUND

//Path to a library.
BULLET_SOFTBODY_LIBRARY:FILEPATH=/usr/lib/x86_64-linux-gnu/libBulletSoftBody.so

//Path to a library.
BULLET_SOFTBODY_LIBRARY_DEBUG:FILEPATH=BULLET_SOFTBODY_LIBRARY_DEBUG-NOTFOUND

Boost_CHRONO_LIBRARY_RELEASE:STRING=/usr/lib/x86_64-linux-gnu/libboost_chrono.so.1.83.0

Boost_DATE_TIME_LIBRARY_RELEASE:STRING=/usr/lib/x86_64-linux-gnu/libboost_date_time.so.1.83.0

//The directory containing a CMake configuration file for Boost.
Boost_DIR:PATH=/usr/lib/x86_64-linux-gnu/cmake/Boost-1.83.0

Boost_FILESYSTEM_LIBRARY_RELEASE:STRING=/usr/lib/x86_64-linux-gnu/libboost_filesystem.so.1.83.0

//Path to a file.
Boost_INCLUDE_DIR:PATH=/usr/include

Boost_IOSTREAMS_LIBRARY_RELEASE:STRING=/usr/lib/x86_64-linux-gnu/libboost_iostreams.so.1.83.0

Boost_PROGRAM_OPTIONS_LIBRARY_RELEASE:STRING=/usr/lib/x86_64-linux-gnu/libboost_program_options.so.1.83.0

Boost_REGEX_LIBRARY_RELEASE:STRING=/usr/lib/x86_64-linux-gnu/libboost_regex.so.1.83.0

Boost_SERIALIZATION_LIBRARY_RELEASE:STRING=/usr/lib/x86_64-linux-gnu/libboost_serialization.so.1.83.0

Boost_SYSTEM_LIBRARY_RELEASE:STRING=/usr/lib/x86_64-linux-gnu/libboost_system.so.1.83.0

Boost_THREAD_LIBRARY_RELEASE:STRING=/usr/lib/x86_64-linux-gnu/libboost_thread.so.1.83.0

//Path to a program.
CMAKE_ADDR2LINE:FILEPATH=/usr/bin/addr2line

//Path to a program.
CMAKE_AR:FILEPATH=/usr/bin/ar

//Choose the type of build, options are: None Debug Release RelWithDebInfo
// MinSizeRel ...
CMAKE_BUILD_TYPE:STRING=

//Enable/Disable color output during build.
CMAKE_COLOR_MAKEFILE:BOOL=ON

//CXX compiler
CMAKE_CXX_COMPILER:FILEPATH=/usr/bin/c++

//A wrapper around 'ar' adding the appropriate '--plugin' option
// for the GCC compiler
CMAKE_CXX_COMPILER_AR:FILEPATH=/usr/bin/gcc-ar-13

//A wrapper around 'ranlib' adding the appropriate '--plugin' option
// for the GCC compiler
CMAKE_CXX_COMPILER_RANLIB:FILEPATH=/usr/bin/gcc-ranlib-13

//Flags used by the CXX compiler during all build types.
CMAKE_CXX_FLAGS:STRING=

//Flags used by the CXX compiler during DEBUG builds.
CMAKE_CXX_FLAGS_DEBUG:STRING=-g

//Flags used by the CXX compiler during MINSIZEREL builds.
CMAKE_CXX_FLAGS_MINSIZEREL:STRING=-Os -DNDEBUG

//Flags used by the CXX compiler during RELEASE builds.
CMAKE_CXX_FLAGS_RELEASE:STRING=-O3 -DNDEBUG

//Flags used by the CXX compiler during RELWITHDEBINFO builds.
CMAKE_CXX_FLAGS_RELWITHDEBINFO:STRING=-O2 -g -DNDEBUG

//C compiler
CMAKE_C_COMPILER:FILEPATH=/usr/bin/cc

//A wrapper around 'ar' adding the appropriate '--plugin' option
// for the GCC compiler
CMAKE_C_COMPILER_AR:FILEPATH=/usr/bin/gcc-ar-13

//A wrapper around 'ranlib' adding the appropriate '--plugin' option
// for the GCC compiler
CMAKE_C_COMPILER_RANLIB:FILEPATH=/usr/bin/gcc-ranlib-13

//Flags used by the C compiler during all build types.
CMAKE_C_FLAGS:STRING=

//Flags used by the C compiler during DEBUG builds.
CMAKE_C_FLAGS_DEBUG:STRING=-g

//Flags used by the C compiler during MINSIZEREL builds.
CMAKE_C_FLAGS_MINSIZEREL:STRING=-Os -DNDEBUG

//Flags used by the C compiler during RELEASE builds.
CMAKE_C_FLAGS_RELEASE:STRING=-O3 -DNDEBUG

//Flags used by the C compiler during RELWITHDEBINFO builds.
CMAKE_C_FLAGS_RELWITHDEBINFO:STRING=-O2 -g -DNDEBUG

//Path to a program.
CMAKE_DLLTOOL:FILEPATH=CMAKE_DLLTOOL-NOTFOUND

//Flags used by the linker during all build types.
CMAKE_EXE_LINKER_FLAGS:STRING=

//Flags used by the linker during DEBUG builds.
CMAKE_EXE_LINKER_FLAGS_DEBUG:STRING=

//Flags used by the linker during MINSIZEREL builds.
CMAKE_EXE_LINKER_FLAGS_MINSIZEREL:STRING=

//Flags used by the linker during RELEASE builds.
CMAKE_EXE_LINKER_FLAGS_RELEASE:STRING=

//Flags used by the linker during RELWITHDEBINFO builds.
CMAKE_EXE_LINKER_FLAGS_RELWITHDEBINFO:STRING=

//Enable/Disable output of compile commands during generation.
CMAKE_EXPORT_COMPILE_COMMANDS:BOOL=

//Value Computed by CMake.
CMAKE_FIND_PACKAGE_REDIRECTS_DIR:STATIC=/home/darsh/ros2_ws/src/UR3_ROS2_PICK_AND_PLACE/build/moveit_task_constructor_core/CMakeFiles/pkgRedirects

//User executables (bin)
CMAKE_INSTALL_BINDIR:PATH=bin

//Read-only architecture-independent data (DATAROOTDIR)
CMAKE_INSTALL_DATADIR:PATH=

//Read-only architecture-independent data root (share)
CMAKE_INSTALL_DATAROOTDIR:PATH=share

//Documentation root (DATAROOTDIR/doc/PROJECT_NAME)
CMAKE_INSTALL_DOCDIR:PATH=

//Info documentation (DATAROOTDIR/info)
CMAKE_INSTALL_INFODIR:PATH=

//Object code libraries (lib)
CMAKE_INSTALL_LIBDIR:PATH=lib

//Program executables (libexec)
CMAKE_INSTALL_LIBEXECDIR:PATH=libexec

//Locale-dependent data (DATAROOTDIR/locale)
CMAKE_INSTALL_LOCALEDIR:PATH=

//Modifiable single-machine data (var)
CMAKE_INSTALL_LOCALSTATEDIR:PATH=var

//Man documentation (DATAROOTDIR/man)
CMAKE_INSTALL_MANDIR:PATH=

//C header files for non-gcc (/usr/include)
CMAKE_INSTALL_OLDINCLUDEDIR:PATH=/usr/include

//Install path prefix, prepended onto install directories.
CMAKE_INSTALL_PREFIX:PATH=/home/darsh/ros2_ws/src/UR3_ROS2_PICK_AND_PLACE/install/moveit_task_constructor_core

//Run-time variable data (LOCALSTATEDIR/run)
CMAKE_INSTALL_RUNSTATEDIR:PATH=

//System admin executables (sbin)
CMAKE_INSTALL_SBINDIR:PATH=sbin

//Modifiable architecture-independent data (com)
CMAKE_INSTALL_SHAREDSTATEDIR:PATH=com

//Read-only single-machine data (etc)
CMAKE_INSTALL_SYSCONFDIR:PATH=etc

//Path to a program.
CMAKE_LINKER:FILEPATH=/usr/bin/ld

//Path to a program.
CMAKE_MAKE_PROGRAM:FILEPATH=/usr/bin/gmake

//Flags used by the linker during the creation of modules during
// all build types.
CMAKE_MODULE_LINKER_FLAGS:STRING=

//Flags used by the linker during the creation of modules during
// DEBUG builds.
CMAKE_MODULE_LINKER_FLAGS_DEBUG:STRING=

//Flags used by the linker during the creation of modules during
// MINSIZEREL builds.
CMAKE_MODULE_LINKER_FLAGS_MINSIZEREL:STRING=

//Flags used by the linker during the creation of modules during
// RELEASE builds.
CMAKE_MODULE_LINKER_FLAGS_RELEASE:STRING=

//Flags used by the linker during the creation of modules during
// RELWITHDEBINFO builds.
CMAKE_MODULE_LINKER_FLAGS_RELWITHDEBINFO:STRING=

//Path to a program.
CMAKE_NM:FILEPATH=/usr/bin/nm

//Path to a program.
CMAKE_OBJCOPY:FILEPATH=/usr/bin/objcopy

//Path to a program.
CMAKE_OBJDUMP:FILEPATH=/usr/bin/objdump

//Value Computed by CMake
CMAKE_PROJECT_DESCRIPTION:STATIC=

//Value Computed by CMake
CMAKE_PROJECT_HOMEPAGE_URL:STATIC=

//Value Computed by CMake
CMAKE_PROJECT_NAME:STATIC=moveit_task_constructor_core

//Value Computed by CMake
CMAKE_PROJECT_VERSION:STATIC=2.13.0

//Value Computed by CMake
CMAKE_PROJECT_VERSION_MAJOR:STATIC=2

//Value Computed by CMake
CMAKE_PROJECT_VERSION_MINOR:STATIC=13

//Value Computed by CMake
CMAKE_PROJECT_VERSION_PATCH:STATIC=0

//Value Computed by CMake
CMAKE_PROJECT_VERSION_TWEAK:STATIC=

//Path to a program.
CMAKE_RANLIB:FILEPATH=/usr/bin/ranlib

//Path to a program.
CMAKE_READELF:FILEPATH=/usr/bin/readelf

//Flags used by the linker during the creation of shared libraries
// during all build types.
CMAKE_SHARED_LINKER_FLAGS:STRING=

//Flags used by the linker during the creation of shared libraries
// during DEBUG builds.
CMAKE_SHARED_LINKER_FLAGS_DEBUG:STRING=

//Flags used by the linker during the creation of shared libraries
// during MINSIZEREL builds.
CMAKE_SHARED_LINKER_FLAGS_MINSIZEREL:STRING=

//Flags used by the linker during the creation of shared libraries
// during RELEASE builds.
CMAKE_SHARED_LINKER_FLAGS_RELEASE:STRING=

//Flags used by the linker during the creation of shared libraries
// during RELWITHDEBINFO builds.
CMAKE_SHARED_LINKER_FLAGS_RELWITHDEBINFO:STRING=

//If set, runtime paths are not added when installing shared libraries,
// but are added when building.
CMAKE_SKIP_INSTALL_RPATH:BOOL=NO

//If set, runtime paths are not added when using shared libraries.
CMAKE_SKIP_RPATH:BOOL=NO

//Flags used by the linker during the creation of static libraries
// during all build types.
CMAKE_STATIC_LINKER_FLAGS:STRING=

//Flags used by the linker during the creation of static libraries
// during DEBUG builds.
CMAKE_STATIC_LINKER_FLAGS_DEBUG:STRING=

//Flags used by the linker during the creation of static libraries
// during MINSIZEREL builds.
CMAKE_STATIC_LINKER_FLAGS_MINSIZEREL:STRING=

//Flags used by the linker during the creation of static libraries
// during RELEASE builds.
CMAKE_STATIC_LINKER_FLAGS_RELEASE:STRING=

//Flags used by the linker during the creation of static libraries
// during RELWITHDEBINFO builds.
CMAKE_STATIC_LINKER_FLAGS_RELWITHDEBINFO:STRING=

//Path to a program.
CMAKE_STRIP:FILEPATH=/usr/bin/strip

//Path to a program.
CMAKE_TAPI:FILEPATH=CMAKE_TAPI-NOTFOUND

//If this value is on, makefiles will be generated without the
// .SILENT directive, and all commands will be echoed to the console
// during the make.  This is useful for debugging only. With Visual
// Studio IDE projects all commands are done without /nologo.
CMAKE_VERBOSE_MAKEFILE:BOOL=FALSE

//The directory containing a CMake configuration file for Eigen3.
Eigen3_DIR:PATH=/usr/share/eigen3/cmake

//Path to a library.
FastCDR_LIBRARY_DEBUG:FILEPATH=FastCDR_LIBRARY_DEBUG-NOTFOUND

//Path to a library.
FastCDR_LIBRARY_RELEASE:FILEPATH=/opt/ros/jazzy/lib/libfastcdr.so

//Path to a file.
FastRTPS_INCLUDE_DIR:PATH=/opt/ros/jazzy/include

//Path to a library.
FastRTPS_LIBRARY_DEBUG:FILEPATH=FastRTPS_LIBRARY_DEBUG-NOTFOUND

//Path to a library.
FastRTPS_LIBRARY_RELEASE:FILEPATH=/opt/ros/jazzy/lib/libfastrtps.so

//Enable all warnings used by CI
MOVEIT_CI_WARNINGS:BOOL=ON

//Path to a library.
OPENSSL_CRYPTO_LIBRARY:FILEPATH=/usr/lib/x86_64-linux-gnu/libcrypto.so

//Path to a file.
OPENSSL_INCLUDE_DIR:PATH=/usr/include

//Path to a library.
OPENSSL_SSL_LIBRARY:FILEPATH=/usr/lib/x86_64-linux-gnu/libssl.so

//Arguments to supply to pkg-config
PKG_CONFIG_ARGN:STRING=

//pkg-config executable
PKG_CONFIG_EXECUTABLE:FILEPATH=/usr/bin/pkg-config

//To enforce that a handle_type_name<> specialization exists
PYBIND11_DISABLE_HANDLE_TYPE_NAME_DEFAULT_IMPLEMENTATION:BOOL=OFF

//Force new FindPython
PYBIND11_FINDPYTHON:BOOL=OFF

//Override the ABI version, may be used to enable the unstable
// ABI.
PYBIND11_INTERNALS_VERSION:STRING=

//Disable search for Python
PYBIND11_NOPYTHON:BOOL=OFF

//Disable NumPy 2 support to avoid changes to previous pybind11
// versions.
PYBIND11_NUMPY_1_ONLY:BOOL=OFF

//Overwrite cached values read from Python library (classic search).
// Turn off if cross-compiling and manually setting these values.
PYBIND11_PYTHONLIBS_OVERWRITE:BOOL=ON

//Python version to use for compiling modules
PYBIND11_PYTHON_VERSION:STRING=

//Use simpler GIL management logic that does not support disassociation
PYBIND11_SIMPLE_GIL_MANAGEMENT:BOOL=OFF

//Build pybind11 test suite?
PYBIND11_TEST:BOOL=OFF

//Path to a program.
PYTHON_EXECUTABLE:FILEPATH=/usr/bin/python3

//Path to a library.
PYTHON_LIBRARY:FILEPATH=/usr/lib/x86_64-linux-gnu/libpython3.12.so

//Name of the computer/site where compile is being run
SITE:STRING=LAPTOP-9C42ONBH

//The directory containing a CMake configuration file for TinyXML2.
TinyXML2_DIR:PATH=/usr/lib/x86_64-linux-gnu/cmake/tinyxml2

//Install pybind11 headers in Python include directory instead
// of default installation prefix
USE_PYTHON_INCLUDE_DIR:BOOL=OFF

//Path to a file.
_gmock_header_file:FILEPATH=/opt/ros/jazzy/src/gmock_vendor/include/gmock/gmock.h

//Path to a file.
_gmock_src_file:FILEPATH=/opt/ros/jazzy/src/gmock_vendor/src/gmock.cc

//Path to a file.
_gtest_header_file:FILEPATH=/opt/ros/jazzy/src/gtest_vendor/include/gtest/gtest.h

//Path to a file.
_gtest_src_file:FILEPATH=/opt/ros/jazzy/src/gtest_vendor/src/gtest.cc

//Path to a file.
_launch_test_FILE_NAME:FILEPATH=/home/darsh/ros2_ws/src/UR3_ROS2_PICK_AND_PLACE/moveit_task_constructor/core/test/test.launch.py

//Path to a library.
_lib:FILEPATH=/home/darsh/ros2_ws/src/UR3_ROS2_PICK_AND_PLACE/install/moveit_task_constructor_msgs/lib/libmoveit_task_constructor_msgs__rosidl_typesupport_fastrtps_cpp.so

//The directory containing a CMake configuration file for action_msgs.
action_msgs_DIR:PATH=/opt/ros/jazzy/share/action_msgs/cmake

//The directory containing a CMake configuration file for ament_cmake.
ament_cmake_DIR:PATH=/opt/ros/jazzy/share/ament_cmake/cmake

//The directory containing a CMake configuration file for ament_cmake_core.
ament_cmake_core_DIR:PATH=/opt/ros/jazzy/share/ament_cmake_core/cmake

//The directory containing a CMake configuration file for ament_cmake_export_definitions.
ament_cmake_export_definitions_DIR:PATH=/opt/ros/jazzy/share/ament_cmake_export_definitions/cmake

//The directory containing a CMake configuration file for ament_cmake_export_dependencies.
ament_cmake_export_dependencies_DIR:PATH=/opt/ros/jazzy/share/ament_cmake_export_dependencies/cmake

//The directory containing a CMake configuration file for ament_cmake_export_include_directories.
ament_cmake_export_include_directories_DIR:PATH=/opt/ros/jazzy/share/ament_cmake_export_include_directories/cmake

//The directory containing a CMake configuration file for ament_cmake_export_interfaces.
ament_cmake_export_interfaces_DIR:PATH=/opt/ros/jazzy/share/ament_cmake_export_interfaces/cmake

//The directory containing a CMake configuration file for ament_cmake_export_libraries.
ament_cmake_export_libraries_DIR:PATH=/opt/ros/jazzy/share/ament_cmake_export_libraries/cmake

//The directory containing a CMake configuration file for ament_cmake_export_link_flags.
ament_cmake_export_link_flags_DIR:PATH=/opt/ros/jazzy/share/ament_cmake_export_link_flags/cmake

//The directory containing a CMake configuration file for ament_cmake_export_targets.
ament_cmake_export_targets_DIR:PATH=/opt/ros/jazzy/share/ament_cmake_export_targets/cmake

//The directory containing a CMake configuration file for ament_cmake_gen_version_h.
ament_cmake_gen_version_h_DIR:PATH=/opt/ros/jazzy/share/ament_cmake_gen_version_h/cmake

//The directory containing a CMake configuration file for ament_cmake_gmock.
ament_cmake_gmock_DIR:PATH=/opt/ros/jazzy/share/ament_cmake_gmock/cmake

//The directory containing a CMake configuration file for ament_cmake_gtest.
ament_cmake_gtest_DIR:PATH=/opt/ros/jazzy/share/ament_cmake_gtest/cmake

//The directory containing a CMake configuration file for ament_cmake_include_directories.
ament_cmake_include_directories_DIR:PATH=/opt/ros/jazzy/share/ament_cmake_include_directories/cmake

//The directory containing a CMake configuration file for ament_cmake_libraries.
ament_cmake_libraries_DIR:PATH=/opt/ros/jazzy/share/ament_cmake_libraries/cmake

//The directory containing a CMake configuration file for ament_cmake_pytest.
ament_cmake_pytest_DIR:PATH=/opt/ros/jazzy/share/ament_cmake_pytest/cmake

//The directory containing a CMake configuration file for ament_cmake_python.
ament_cmake_python_DIR:PATH=/opt/ros/jazzy/share/ament_cmake_python/cmake

//The directory containing a CMake configuration file for ament_cmake_target_dependencies.
ament_cmake_target_dependencies_DIR:PATH=/opt/ros/jazzy/share/ament_cmake_target_dependencies/cmake

//The directory containing a CMake configuration file for ament_cmake_test.
ament_cmake_test_DIR:PATH=/opt/ros/jazzy/share/ament_cmake_test/cmake

//The directory containing a CMake configuration file for ament_cmake_version.
ament_cmake_version_DIR:PATH=/opt/ros/jazzy/share/ament_cmake_version/cmake

//The directory containing a CMake configuration file for ament_index_cpp.
ament_index_cpp_DIR:PATH=/opt/ros/jazzy/share/ament_index_cpp/cmake

//The directory containing a CMake configuration file for angles.
angles_DIR:PATH=/opt/ros/jazzy/share/angles/cmake

//The directory containing a CMake configuration file for backward_ros.
backward_ros_DIR:PATH=/opt/ros/jazzy/share/backward_ros/cmake

//The directory containing a CMake configuration file for boost_atomic.
boost_atomic_DIR:PATH=/usr/lib/x86_64-linux-gnu/cmake/boost_atomic-1.83.0

//The directory containing a CMake configuration file for boost_chrono.
boost_chrono_DIR:PATH=/usr/lib/x86_64-linux-gnu/cmake/boost_chrono-1.83.0

//The directory containing a CMake configuration file for boost_date_time.
boost_date_time_DIR:PATH=/usr/lib/x86_64-linux-gnu/cmake/boost_date_time-1.83.0

//The directory containing a CMake configuration file for boost_filesystem.
boost_filesystem_DIR:PATH=/usr/lib/x86_64-linux-gnu/cmake/boost_filesystem-1.83.0

//The directory containing a CMake configuration file for boost_headers.
boost_headers_DIR:PATH=/usr/lib/x86_64-linux-gnu/cmake/boost_headers-1.83.0

//The directory containing a CMake configuration file for boost_iostreams.
boost_iostreams_DIR:PATH=/usr/lib/x86_64-linux-gnu/cmake/boost_iostreams-1.83.0

//The directory containing a CMake configuration file for boost_program_options.
boost_program_options_DIR:PATH=/usr/lib/x86_64-linux-gnu/cmake/boost_program_options-1.83.0

//The directory containing a CMake configuration file for boost_regex.
boost_regex_DIR:PATH=/usr/lib/x86_64-linux-gnu/cmake/boost_regex-1.83.0

//The directory containing a CMake configuration file for boost_serialization.
boost_serialization_DIR:PATH=/usr/lib/x86_64-linux-gnu/cmake/boost_serialization-1.83.0

//The directory containing a CMake configuration file for boost_system.
boost_system_DIR:PATH=/usr/lib/x86_64-linux-gnu/cmake/boost_system-1.83.0

//The directory containing a CMake configuration file for boost_thread.
boost_thread_DIR:PATH=/usr/lib/x86_64-linux-gnu/cmake/boost_thread-1.83.0

//The directory containing a CMake configuration file for builtin_interfaces.
builtin_interfaces_DIR:PATH=/opt/ros/jazzy/share/builtin_interfaces/cmake

//The directory containing a CMake configuration file for ccd.
ccd_DIR:PATH=/usr/lib/x86_64-linux-gnu/ccd

//The directory containing a CMake configuration file for class_loader.
class_loader_DIR:PATH=/opt/ros/jazzy/share/class_loader/cmake

//The directory containing a CMake configuration file for common_interfaces.
common_interfaces_DIR:PATH=/opt/ros/jazzy/share/common_interfaces/cmake

//The directory containing a CMake configuration file for composition_interfaces.
composition_interfaces_DIR:PATH=/opt/ros/jazzy/share/composition_interfaces/cmake

//The directory containing a CMake configuration file for console_bridge.
console_bridge_DIR:PATH=/usr/lib/x86_64-linux-gnu/console_bridge/cmake

//The directory containing a CMake configuration file for console_bridge_vendor.
console_bridge_vendor_DIR:PATH=/opt/ros/jazzy/share/console_bridge_vendor/cmake

//The directory containing a CMake configuration file for eigen3_cmake_module.
eigen3_cmake_module_DIR:PATH=/opt/ros/jazzy/share/eigen3_cmake_module/cmake

//The directory containing a CMake configuration file for eigen_stl_containers.
eigen_stl_containers_DIR:PATH=/opt/ros/jazzy/share/eigen_stl_containers/cmake

//The directory containing a CMake configuration file for fastcdr.
fastcdr_DIR:PATH=/opt/ros/jazzy/lib/cmake/fastcdr

//The directory containing a CMake configuration file for fastrtps.
fastrtps_DIR:PATH=/opt/ros/jazzy/share/fastrtps/cmake

//The directory containing a CMake configuration file for fastrtps_cmake_module.
fastrtps_cmake_module_DIR:PATH=/opt/ros/jazzy/share/fastrtps_cmake_module/cmake

//The directory containing a CMake configuration file for fcl.
fcl_DIR:PATH=/usr/lib/x86_64-linux-gnu/cmake/fcl

//The directory containing a CMake configuration file for fmt.
fmt_DIR:PATH=/usr/lib/x86_64-linux-gnu/cmake/fmt

//The directory containing a CMake configuration file for foonathan_memory.
foonathan_memory_DIR:PATH=/opt/ros/jazzy/lib/foonathan_memory/cmake

//The directory containing a CMake configuration file for generate_parameter_library.
generate_parameter_library_DIR:PATH=/opt/ros/jazzy/share/generate_parameter_library/cmake

//The directory containing a CMake configuration file for geometric_shapes.
geometric_shapes_DIR:PATH=/opt/ros/jazzy/share/geometric_shapes/cmake

//The directory containing a CMake configuration file for geometry_msgs.
geometry_msgs_DIR:PATH=/opt/ros/jazzy/share/geometry_msgs/cmake

//Value Computed by CMake
gmock_BINARY_DIR:STATIC=/home/darsh/ros2_ws/src/UR3_ROS2_PICK_AND_PLACE/build/moveit_task_constructor_core/gmock

//Value Computed by CMake
gmock_IS_TOP_LEVEL:STATIC=OFF

//Dependencies for the target
gmock_LIB_DEPENDS:STATIC=general;-pthread;

//Value Computed by CMake
gmock_SOURCE_DIR:STATIC=/opt/ros/jazzy/src/gmock_vendor

//The directory containing a CMake configuration file for gmock_vendor.
gmock_vendor_DIR:PATH=/opt/ros/jazzy/share/gmock_vendor/cmake

//Value Computed by CMake
gtest_BINARY_DIR:STATIC=/home/darsh/ros2_ws/src/UR3_ROS2_PICK_AND_PLACE/build/moveit_task_constructor_core/gtest

//Value Computed by CMake
gtest_IS_TOP_LEVEL:STATIC=OFF

//Dependencies for the target
gtest_LIB_DEPENDS:STATIC=general;-pthread;

//Value Computed by CMake
gtest_SOURCE_DIR:STATIC=/opt/ros/jazzy/src/gtest_vendor

//Dependencies for the target
gtest_utils_LIB_DEPENDS:STATIC=general;moveit_task_constructor_core;

//The directory containing a CMake configuration file for gtest_vendor.
gtest_vendor_DIR:PATH=/opt/ros/jazzy/share/gtest_vendor/cmake

//The directory containing a CMake configuration file for kdl_parser.
kdl_parser_DIR:PATH=/opt/ros/jazzy/share/kdl_parser/cmake

//The directory containing a CMake configuration file for launch_testing_ament_cmake.
launch_testing_ament_cmake_DIR:PATH=/opt/ros/jazzy/share/launch_testing_ament_cmake/cmake

//The directory containing a CMake configuration file for libstatistics_collector.
libstatistics_collector_DIR:PATH=/opt/ros/jazzy/share/libstatistics_collector/cmake

//The directory containing a CMake configuration file for lifecycle_msgs.
lifecycle_msgs_DIR:PATH=/opt/ros/jazzy/share/lifecycle_msgs/cmake

//The directory containing a CMake configuration file for message_filters.
message_filters_DIR:PATH=/opt/ros/jazzy/share/message_filters/cmake

//The directory containing a CMake configuration file for moveit_common.
moveit_common_DIR:PATH=/opt/ros/jazzy/share/moveit_common/cmake

//The directory containing a CMake configuration file for moveit_core.
moveit_core_DIR:PATH=/opt/ros/jazzy/share/moveit_core/cmake

//The directory containing a CMake configuration file for moveit_msgs.
moveit_msgs_DIR:PATH=/opt/ros/jazzy/share/moveit_msgs/cmake

//The directory containing a CMake configuration file for moveit_ros_move_group.
moveit_ros_move_group_DIR:PATH=/opt/ros/jazzy/share/moveit_ros_move_group/cmake

//The directory containing a CMake configuration file for moveit_ros_occupancy_map_monitor.
moveit_ros_occupancy_map_monitor_DIR:PATH=/opt/ros/jazzy/share/moveit_ros_occupancy_map_monitor/cmake

//The directory containing a CMake configuration file for moveit_ros_planning.
moveit_ros_planning_DIR:PATH=/opt/ros/jazzy/share/moveit_ros_planning/cmake

//The directory containing a CMake configuration file for moveit_ros_planning_interface.
moveit_ros_planning_interface_DIR:PATH=/opt/ros/jazzy/share/moveit_ros_planning_interface/cmake

//The directory containing a CMake configuration file for moveit_ros_warehouse.
moveit_ros_warehouse_DIR:PATH=/opt/ros/jazzy/share/moveit_ros_warehouse/cmake

//Value Computed by CMake
moveit_task_constructor_core_BINARY_DIR:STATIC=/home/darsh/ros2_ws/src/UR3_ROS2_PICK_AND_PLACE/build/moveit_task_constructor_core

//Value Computed by CMake
moveit_task_constructor_core_IS_TOP_LEVEL:STATIC=ON

//Dependencies for the target
moveit_task_constructor_core_LIB_DEPENDS:STATIC=general;moveit_core::moveit_collision_detection;general;moveit_core::moveit_collision_detection_bullet;general;moveit_core::moveit_collision_detection_fcl;general;moveit_core::moveit_collision_distance_field;general;moveit_core::moveit_constraint_samplers;general;moveit_core::moveit_distance_field;general;moveit_core::moveit_dynamics_solver;general;moveit_core::moveit_exceptions;general;moveit_core::moveit_kinematic_constraints;general;moveit_core::moveit_kinematics_base;general;moveit_core::moveit_kinematics_metrics;general;moveit_core::moveit_planning_interface;general;moveit_core::moveit_planning_scene;general;moveit_core::moveit_robot_model;general;moveit_core::moveit_robot_state;general;moveit_core::moveit_robot_trajectory;general;moveit_core::moveit_smoothing_base;general;moveit_core::moveit_test_utils;general;moveit_core::moveit_trajectory_processing;general;moveit_core::moveit_transforms;general;moveit_core::moveit_utils;general;geometry_msgs::geometry_msgs__rosidl_generator_c;general;geometry_msgs::geometry_msgs__rosidl_typesupport_fastrtps_c;general;geometry_msgs::geometry_msgs__rosidl_typesupport_introspection_c;general;geometry_msgs::geometry_msgs__rosidl_typesupport_c;general;geometry_msgs::geometry_msgs__rosidl_typesupport_fastrtps_cpp;general;geometry_msgs::geometry_msgs__rosidl_typesupport_introspection_cpp;general;geometry_msgs::geometry_msgs__rosidl_typesupport_cpp;general;geometry_msgs::geometry_msgs__rosidl_generator_py;general;moveit_ros_planning::moveit_collision_plugin_loader;general;moveit_ros_planning::moveit_constraint_sampler_manager_loader;general;moveit_ros_planning::moveit_cpp;general;moveit_ros_planning::moveit_kinematics_plugin_loader;general;moveit_ros_planning::moveit_plan_execution;general;moveit_ros_planning::moveit_planning_pipeline;general;moveit_ros_planning::moveit_planning_pipeline_interfaces;general;moveit_ros_planning::moveit_planning_scene_monitor;general;moveit_ros_planning::moveit_rdf_loader;general;moveit_ros_planning::moveit_robot_model_loader;general;moveit_ros_planning::moveit_trajectory_execution_manager;general;moveit_ros_planning::srdf_publisher_node;general;moveit_ros_planning_interface::moveit_common_planning_interface_objects;general;moveit_ros_planning_interface::moveit_planning_scene_interface;general;moveit_ros_planning_interface::moveit_move_group_interface;general;moveit_task_constructor_msgs::moveit_task_constructor_msgs__rosidl_generator_c;general;moveit_task_constructor_msgs::moveit_task_constructor_msgs__rosidl_typesupport_fastrtps_c;general;moveit_task_constructor_msgs::moveit_task_constructor_msgs__rosidl_typesupport_fastrtps_cpp;general;moveit_task_constructor_msgs::moveit_task_constructor_msgs__rosidl_typesupport_introspection_c;general;moveit_task_constructor_msgs::moveit_task_constructor_msgs__rosidl_typesupport_c;general;moveit_task_constructor_msgs::moveit_task_constructor_msgs__rosidl_typesupport_introspection_cpp;general;moveit_task_constructor_msgs::moveit_task_constructor_msgs__rosidl_typesupport_cpp;general;moveit_task_constructor_msgs::moveit_task_constructor_msgs__rosidl_generator_py;general;rclcpp::rclcpp;general;rviz_marker_tools::rviz_marker_tools;general;visualization_msgs::visualization_msgs__rosidl_generator_c;general;visualization_msgs::visualization_msgs__rosidl_typesupport_fastrtps_c;general;visualization_msgs::visualization_msgs__rosidl_typesupport_fastrtps_cpp;general;visualization_msgs::visualization_msgs__rosidl_typesupport_introspection_c;general;visualization_msgs::visualization_msgs__rosidl_typesupport_c;general;visualization_msgs::visualization_msgs__rosidl_typesupport_introspection_cpp;general;visualization_msgs::visualization_msgs__rosidl_typesupport_cpp;general;visualization_msgs::visualization_msgs__rosidl_generator_py;

//Value Computed by CMake
moveit_task_constructor_core_SOURCE_DIR:STATIC=/home/darsh/ros2_ws/src/UR3_ROS2_PICK_AND_PLACE/moveit_task_constructor/core

//Dependencies for the target
moveit_task_constructor_core_stage_plugins_LIB_DEPENDS:STATIC=general;moveit_task_constructor_core_stages;

//Dependencies for the target
moveit_task_constructor_core_stages_LIB_DEPENDS:STATIC=general;moveit_task_constructor_core;general;moveit_core::moveit_collision_detection;general;moveit_core::moveit_collision_detection_bullet;general;moveit_core::moveit_collision_detection_fcl;general;moveit_core::moveit_collision_distance_field;general;moveit_core::moveit_constraint_samplers;general;moveit_core::moveit_distance_field;general;moveit_core::moveit_dynamics_solver;general;moveit_core::moveit_exceptions;general;moveit_core::moveit_kinematic_constraints;general;moveit_core::moveit_kinematics_base;general;moveit_core::moveit_kinematics_metrics;general;moveit_core::moveit_planning_interface;general;moveit_core::moveit_planning_scene;general;moveit_core::moveit_robot_model;general;moveit_core::moveit_robot_state;general;moveit_core::moveit_robot_trajectory;general;moveit_core::moveit_smoothing_base;general;moveit_core::moveit_test_utils;general;moveit_core::moveit_trajectory_processing;general;moveit_core::moveit_transforms;general;moveit_core::moveit_utils;general;geometry_msgs::geometry_msgs__rosidl_generator_c;general;geometry_msgs::geometry_msgs__rosidl_typesupport_fastrtps_c;general;geometry_msgs::geometry_msgs__rosidl_typesupport_introspection_c;general;geometry_msgs::geometry_msgs__rosidl_typesupport_c;general;geometry_msgs::geometry_msgs__rosidl_typesupport_fastrtps_cpp;general;geometry_msgs::geometry_msgs__rosidl_typesupport_introspection_cpp;general;geometry_msgs::geometry_msgs__rosidl_typesupport_cpp;general;geometry_msgs::geometry_msgs__rosidl_generator_py;general;moveit_ros_planning::moveit_collision_plugin_loader;general;moveit_ros_planning::moveit_constraint_sampler_manager_loader;general;moveit_ros_planning::moveit_cpp;general;moveit_ros_planning::moveit_kinematics_plugin_loader;general;moveit_ros_planning::moveit_plan_execution;general;moveit_ros_planning::moveit_planning_pipeline;general;moveit_ros_planning::moveit_planning_pipeline_interfaces;general;moveit_ros_planning::moveit_planning_scene_monitor;general;moveit_ros_planning::moveit_rdf_loader;general;moveit_ros_planning::moveit_robot_model_loader;general;moveit_ros_planning::moveit_trajectory_execution_manager;general;moveit_ros_planning::srdf_publisher_node;general;moveit_ros_planning_interface::moveit_common_planning_interface_objects;general;moveit_ros_planning_interface::moveit_planning_scene_interface;general;moveit_ros_planning_interface::moveit_move_group_interface;general;moveit_task_constructor_msgs::moveit_task_constructor_msgs__rosidl_generator_c;general;moveit_task_constructor_msgs::moveit_task_constructor_msgs__rosidl_typesupport_fastrtps_c;general;moveit_task_constructor_msgs::moveit_task_constructor_msgs__rosidl_typesupport_fastrtps_cpp;general;moveit_task_constructor_msgs::moveit_task_constructor_msgs__rosidl_typesupport_introspection_c;general;moveit_task_constructor_msgs::moveit_task_constructor_msgs__rosidl_typesupport_c;general;moveit_task_constructor_msgs::moveit_task_constructor_msgs__rosidl_typesupport_introspection_cpp;general;moveit_task_constructor_msgs::moveit_task_constructor_msgs__rosidl_typesupport_cpp;general;moveit_task_constructor_msgs::moveit_task_constructor_msgs__rosidl_generator_py;general;rclcpp::rclcpp;general;visualization_msgs::visualization_msgs__rosidl_generator_c;general;visualization_msgs::visualization_msgs__rosidl_typesupport_fastrtps_c;general;visualization_msgs::visualization_msgs__rosidl_typesupport_fastrtps_cpp;general;visualization_msgs::visualization_msgs__rosidl_typesupport_introspection_c;general;visualization_msgs::visualization_msgs__rosidl_typesupport_c;general;visualization_msgs::visualization_msgs__rosidl_typesupport_introspection_cpp;general;visualization_msgs::visualization_msgs__rosidl_typesupport_cpp;general;visualization_msgs::visualization_msgs__rosidl_generator_py;

//The directory containing a CMake configuration file for moveit_task_constructor_msgs.
moveit_task_constructor_msgs_DIR:PATH=/home/darsh/ros2_ws/src/UR3_ROS2_PICK_AND_PLACE/install/moveit_task_constructor_msgs/share/moveit_task_constructor_msgs/cmake

//The directory containing a CMake configuration file for object_recognition_msgs.
object_recognition_msgs_DIR:PATH=/opt/ros/jazzy/share/object_recognition_msgs/cmake

//The directory containing a CMake configuration file for octomap.
octomap_DIR:PATH=/usr/share/octomap

//The directory containing a CMake configuration file for octomap_msgs.
octomap_msgs_DIR:PATH=/opt/ros/jazzy/share/octomap_msgs/cmake

//Path to a library.
onelib:FILEPATH=/opt/ros/jazzy/lib/x86_64-linux-gnu/liburdfdom_world.so

//Path to a library.
onelibd:FILEPATH=onelibd-NOTFOUND

//The directory containing a CMake configuration file for orocos_kdl.
orocos_kdl_DIR:PATH=/usr/lib/x86_64-linux-gnu/cmake/orocos_kdl

//Path to a library.
orocos_kdl_LIBRARY:FILEPATH=/usr/lib/x86_64-linux-gnu/liborocos-kdl.so

//The directory containing a CMake configuration file for orocos_kdl_vendor.
orocos_kdl_vendor_DIR:PATH=/opt/ros/jazzy/share/orocos_kdl_vendor/cmake

//The directory containing a CMake configuration file for osqp.
osqp_DIR:PATH=/opt/ros/jazzy/lib/cmake/osqp

//The directory containing a CMake configuration file for parameter_traits.
parameter_traits_DIR:PATH=/opt/ros/jazzy/share/parameter_traits/cmake

//Path to a library.
pkgcfg_lib__OPENSSL_crypto:FILEPATH=/usr/lib/x86_64-linux-gnu/libcrypto.so

//Path to a library.
pkgcfg_lib__OPENSSL_ssl:FILEPATH=/usr/lib/x86_64-linux-gnu/libssl.so

//The directory containing a CMake configuration file for pluginlib.
pluginlib_DIR:PATH=/opt/ros/jazzy/share/pluginlib/cmake

//The directory containing a CMake configuration file for py_binding_tools.
py_binding_tools_DIR:PATH=/opt/ros/jazzy/share/py_binding_tools/cmake

//Value Computed by CMake
pybind11_BINARY_DIR:STATIC=/home/darsh/ros2_ws/src/UR3_ROS2_PICK_AND_PLACE/build/moveit_task_constructor_core/python/pybind11

//Value Computed by CMake
pybind11_IS_TOP_LEVEL:STATIC=OFF

//Value Computed by CMake
pybind11_SOURCE_DIR:STATIC=/home/darsh/ros2_ws/src/UR3_ROS2_PICK_AND_PLACE/moveit_task_constructor/core/python/pybind11

//The directory containing a CMake configuration file for python_cmake_module.
python_cmake_module_DIR:PATH=/opt/ros/jazzy/share/python_cmake_module/cmake

//The directory containing a CMake configuration file for random_numbers.
random_numbers_DIR:PATH=/opt/ros/jazzy/share/random_numbers/cmake

//The directory containing a CMake configuration file for rcl.
rcl_DIR:PATH=/opt/ros/jazzy/share/rcl/cmake

//The directory containing a CMake configuration file for rcl_action.
rcl_action_DIR:PATH=/opt/ros/jazzy/share/rcl_action/cmake

//The directory containing a CMake configuration file for rcl_interfaces.
rcl_interfaces_DIR:PATH=/opt/ros/jazzy/share/rcl_interfaces/cmake

//The directory containing a CMake configuration file for rcl_lifecycle.
rcl_lifecycle_DIR:PATH=/opt/ros/jazzy/share/rcl_lifecycle/cmake

//The directory containing a CMake configuration file for rcl_logging_interface.
rcl_logging_interface_DIR:PATH=/opt/ros/jazzy/share/rcl_logging_interface/cmake

//The directory containing a CMake configuration file for rcl_yaml_param_parser.
rcl_yaml_param_parser_DIR:PATH=/opt/ros/jazzy/share/rcl_yaml_param_parser/cmake

//The directory containing a CMake configuration file for rclcpp.
rclcpp_DIR:PATH=/opt/ros/jazzy/share/rclcpp/cmake

//The directory containing a CMake configuration file for rclcpp_action.
rclcpp_action_DIR:PATH=/opt/ros/jazzy/share/rclcpp_action/cmake

//The directory containing a CMake configuration file for rclcpp_components.
rclcpp_components_DIR:PATH=/opt/ros/jazzy/share/rclcpp_components/cmake

//The directory containing a CMake configuration file for rclcpp_lifecycle.
rclcpp_lifecycle_DIR:PATH=/opt/ros/jazzy/share/rclcpp_lifecycle/cmake

//The directory containing a CMake configuration file for rcpputils.
rcpputils_DIR:PATH=/opt/ros/jazzy/share/rcpputils/cmake

//The directory containing a CMake configuration file for rcutils.
rcutils_DIR:PATH=/opt/ros/jazzy/share/rcutils/cmake

//The directory containing a CMake configuration file for resource_retriever.
resource_retriever_DIR:PATH=/opt/ros/jazzy/share/resource_retriever/cmake

//The directory containing a CMake configuration file for rmw.
rmw_DIR:PATH=/opt/ros/jazzy/share/rmw/cmake

//The directory containing a CMake configuration file for rmw_dds_common.
rmw_dds_common_DIR:PATH=/opt/ros/jazzy/share/rmw_dds_common/cmake

//The directory containing a CMake configuration file for rmw_fastrtps_cpp.
rmw_fastrtps_cpp_DIR:PATH=/opt/ros/jazzy/share/rmw_fastrtps_cpp/cmake

//The directory containing a CMake configuration file for rmw_fastrtps_shared_cpp.
rmw_fastrtps_shared_cpp_DIR:PATH=/opt/ros/jazzy/share/rmw_fastrtps_shared_cpp/cmake

//The directory containing a CMake configuration file for rmw_implementation.
rmw_implementation_DIR:PATH=/opt/ros/jazzy/share/rmw_implementation/cmake

//The directory containing a CMake configuration file for rmw_implementation_cmake.
rmw_implementation_cmake_DIR:PATH=/opt/ros/jazzy/share/rmw_implementation_cmake/cmake

//The directory containing a CMake configuration file for rosgraph_msgs.
rosgraph_msgs_DIR:PATH=/opt/ros/jazzy/share/rosgraph_msgs/cmake

//The directory containing a CMake configuration file for rosidl_core_runtime.
rosidl_core_runtime_DIR:PATH=/opt/ros/jazzy/share/rosidl_core_runtime/cmake

//The directory containing a CMake configuration file for rosidl_default_runtime.
rosidl_default_runtime_DIR:PATH=/opt/ros/jazzy/share/rosidl_default_runtime/cmake

//The directory containing a CMake configuration file for rosidl_dynamic_typesupport.
rosidl_dynamic_typesupport_DIR:PATH=/opt/ros/jazzy/share/rosidl_dynamic_typesupport/cmake

//The directory containing a CMake configuration file for rosidl_generator_c.
rosidl_generator_c_DIR:PATH=/opt/ros/jazzy/share/rosidl_generator_c/cmake

//The directory containing a CMake configuration file for rosidl_generator_cpp.
rosidl_generator_cpp_DIR:PATH=/opt/ros/jazzy/share/rosidl_generator_cpp/cmake

//The directory containing a CMake configuration file for rosidl_generator_type_description.
rosidl_generator_type_description_DIR:PATH=/opt/ros/jazzy/share/rosidl_generator_type_description/cmake

//The directory containing a CMake configuration file for rosidl_runtime_c.
rosidl_runtime_c_DIR:PATH=/opt/ros/jazzy/share/rosidl_runtime_c/cmake

//The directory containing a CMake configuration file for rosidl_runtime_cpp.
rosidl_runtime_cpp_DIR:PATH=/opt/ros/jazzy/share/rosidl_runtime_cpp/cmake

//The directory containing a CMake configuration file for rosidl_typesupport_c.
rosidl_typesupport_c_DIR:PATH=/opt/ros/jazzy/share/rosidl_typesupport_c/cmake

//The directory containing a CMake configuration file for rosidl_typesupport_cpp.
rosidl_typesupport_cpp_DIR:PATH=/opt/ros/jazzy/share/rosidl_typesupport_cpp/cmake

//The directory containing a CMake configuration file for rosidl_typesupport_fastrtps_c.
rosidl_typesupport_fastrtps_c_DIR:PATH=/opt/ros/jazzy/share/rosidl_typesupport_fastrtps_c/cmake

//The directory containing a CMake configuration file for rosidl_typesupport_fastrtps_cpp.
rosidl_typesupport_fastrtps_cpp_DIR:PATH=/opt/ros/jazzy/share/rosidl_typesupport_fastrtps_cpp/cmake

//The directory containing a CMake configuration file for rosidl_typesupport_interface.
rosidl_typesupport_interface_DIR:PATH=/opt/ros/jazzy/share/rosidl_typesupport_interface/cmake

//The directory containing a CMake configuration file for rosidl_typesupport_introspection_c.
rosidl_typesupport_introspection_c_DIR:PATH=/opt/ros/jazzy/share/rosidl_typesupport_introspection_c/cmake

//The directory containing a CMake configuration file for rosidl_typesupport_introspection_cpp.
rosidl_typesupport_introspection_cpp_DIR:PATH=/opt/ros/jazzy/share/rosidl_typesupport_introspection_cpp/cmake

//The directory containing a CMake configuration file for rsl.
rsl_DIR:PATH=/opt/ros/jazzy/share/rsl/cmake

//The directory containing a CMake configuration file for ruckig.
ruckig_DIR:PATH=/opt/ros/jazzy/lib/x86_64-linux-gnu/cmake/ruckig

//The directory containing a CMake configuration file for rviz_marker_tools.
rviz_marker_tools_DIR:PATH=/home/darsh/ros2_ws/src/UR3_ROS2_PICK_AND_PLACE/install/rviz_marker_tools/share/rviz_marker_tools/cmake

//The directory containing a CMake configuration file for sensor_msgs.
sensor_msgs_DIR:PATH=/opt/ros/jazzy/share/sensor_msgs/cmake

//The directory containing a CMake configuration file for service_msgs.
service_msgs_DIR:PATH=/opt/ros/jazzy/share/service_msgs/cmake

//The directory containing a CMake configuration file for shape_msgs.
shape_msgs_DIR:PATH=/opt/ros/jazzy/share/shape_msgs/cmake

//The directory containing a CMake configuration file for srdfdom.
srdfdom_DIR:PATH=/opt/ros/jazzy/share/srdfdom/cmake

//The directory containing a CMake configuration file for statistics_msgs.
statistics_msgs_DIR:PATH=/opt/ros/jazzy/share/statistics_msgs/cmake

//The directory containing a CMake configuration file for std_msgs.
std_msgs_DIR:PATH=/opt/ros/jazzy/share/std_msgs/cmake

//The directory containing a CMake configuration file for std_srvs.
std_srvs_DIR:PATH=/opt/ros/jazzy/share/std_srvs/cmake

//The directory containing a CMake configuration file for tcb_span.
tcb_span_DIR:PATH=/opt/ros/jazzy/share/tcb_span/cmake

//The directory containing a CMake configuration file for tf2.
tf2_DIR:PATH=/opt/ros/jazzy/share/tf2/cmake

//The directory containing a CMake configuration file for tf2_eigen.
tf2_eigen_DIR:PATH=/opt/ros/jazzy/share/tf2_eigen/cmake

//The directory containing a CMake configuration file for tf2_geometry_msgs.
tf2_geometry_msgs_DIR:PATH=/opt/ros/jazzy/share/tf2_geometry_msgs/cmake

//The directory containing a CMake configuration file for tf2_kdl.
tf2_kdl_DIR:PATH=/opt/ros/jazzy/share/tf2_kdl/cmake

//The directory containing a CMake configuration file for tf2_msgs.
tf2_msgs_DIR:PATH=/opt/ros/jazzy/share/tf2_msgs/cmake

//The directory containing a CMake configuration file for tf2_ros.
tf2_ros_DIR:PATH=/opt/ros/jazzy/share/tf2_ros/cmake

//The directory containing a CMake configuration file for tinyxml2_vendor.
tinyxml2_vendor_DIR:PATH=/opt/ros/jazzy/share/tinyxml2_vendor/cmake

//The directory containing a CMake configuration file for tl_expected.
tl_expected_DIR:PATH=/opt/ros/jazzy/share/tl_expected/cmake

//The directory containing a CMake configuration file for tracetools.
tracetools_DIR:PATH=/opt/ros/jazzy/share/tracetools/cmake

//The directory containing a CMake configuration file for trajectory_msgs.
trajectory_msgs_DIR:PATH=/opt/ros/jazzy/share/trajectory_msgs/cmake

//The directory containing a CMake configuration file for type_description_interfaces.
type_description_interfaces_DIR:PATH=/opt/ros/jazzy/share/type_description_interfaces/cmake

//The directory containing a CMake configuration file for unique_identifier_msgs.
unique_identifier_msgs_DIR:PATH=/opt/ros/jazzy/share/unique_identifier_msgs/cmake

//The directory containing a CMake configuration file for urdf.
urdf_DIR:PATH=/opt/ros/jazzy/share/urdf/cmake

//The directory containing a CMake configuration file for urdf_parser_plugin.
urdf_parser_plugin_DIR:PATH=/opt/ros/jazzy/share/urdf_parser_plugin/cmake

//The directory containing a CMake configuration file for urdfdom.
urdfdom_DIR:PATH=/opt/ros/jazzy/lib/x86_64-linux-gnu/urdfdom/cmake

//The directory containing a CMake configuration file for urdfdom_headers.
urdfdom_headers_DIR:PATH=/opt/ros/jazzy/lib/x86_64-linux-gnu/urdfdom_headers/cmake

//The directory containing a CMake configuration file for visualization_msgs.
visualization_msgs_DIR:PATH=/opt/ros/jazzy/share/visualization_msgs/cmake

//The directory containing a CMake configuration file for warehouse_ros.
warehouse_ros_DIR:PATH=/opt/ros/jazzy/share/warehouse_ros/cmake


########################
# INTERNAL cache entries
########################

//ADVANCED property for variable: BULLET_COLLISION_LIBRARY
BULLET_COLLISION_LIBRARY-ADVANCED:INTERNAL=1
//ADVANCED property for variable: BULLET_COLLISION_LIBRARY_DEBUG
BULLET_COLLISION_LIBRARY_DEBUG-ADVANCED:INTERNAL=1
//ADVANCED property for variable: BULLET_DYNAMICS_LIBRARY
BULLET_DYNAMICS_LIBRARY-ADVANCED:INTERNAL=1
//ADVANCED property for variable: BULLET_DYNAMICS_LIBRARY_DEBUG
BULLET_DYNAMICS_LIBRARY_DEBUG-ADVANCED:INTERNAL=1
//ADVANCED property for variable: BULLET_MATH_LIBRARY
BULLET_MATH_LIBRARY-ADVANCED:INTERNAL=1
//ADVANCED property for variable: BULLET_MATH_LIBRARY_DEBUG
BULLET_MATH_LIBRARY_DEBUG-ADVANCED:INTERNAL=1
//ADVANCED property for variable: BULLET_SOFTBODY_LIBRARY
BULLET_SOFTBODY_LIBRARY-ADVANCED:INTERNAL=1
//ADVANCED property for variable: BULLET_SOFTBODY_LIBRARY_DEBUG
BULLET_SOFTBODY_LIBRARY_DEBUG-ADVANCED:INTERNAL=1
//ADVANCED property for variable: Boost_DIR
Boost_DIR-ADVANCED:INTERNAL=1
//ADVANCED property for variable: CMAKE_ADDR2LINE
CMAKE_ADDR2LINE-ADVANCED:INTERNAL=1
//ADVANCED property for variable: CMAKE_AR
CMAKE_AR-ADVANCED:INTERNAL=1
//This is the directory where this CMakeCache.txt was created
CMAKE_CACHEFILE_DIR:INTERNAL=/home/darsh/ros2_ws/src/UR3_ROS2_PICK_AND_PLACE/build/moveit_task_constructor_core
//Major version of cmake used to create the current loaded cache
CMAKE_CACHE_MAJOR_VERSION:INTERNAL=3
//Minor version of cmake used to create the current loaded cache
CMAKE_CACHE_MINOR_VERSION:INTERNAL=28
//Patch version of cmake used to create the current loaded cache
CMAKE_CACHE_PATCH_VERSION:INTERNAL=3
//ADVANCED property for variable: CMAKE_COLOR_MAKEFILE
CMAKE_COLOR_MAKEFILE-ADVANCED:INTERNAL=1
//Path to CMake executable.
CMAKE_COMMAND:INTERNAL=/usr/bin/cmake
//Path to cpack program executable.
CMAKE_CPACK_COMMAND:INTERNAL=/usr/bin/cpack
//Path to ctest program executable.
CMAKE_CTEST_COMMAND:INTERNAL=/usr/bin/ctest
//ADVANCED property for variable: CMAKE_CXX_COMPILER
CMAKE_CXX_COMPILER-ADVANCED:INTERNAL=1
//ADVANCED property for variable: CMAKE_CXX_COMPILER_AR
CMAKE_CXX_COMPILER_AR-ADVANCED:INTERNAL=1
//ADVANCED property for variable: CMAKE_CXX_COMPILER_RANLIB
CMAKE_CXX_COMPILER_RANLIB-ADVANCED:INTERNAL=1
//ADVANCED property for variable: CMAKE_CXX_FLAGS
CMAKE_CXX_FLAGS-ADVANCED:INTERNAL=1
//ADVANCED property for variable: CMAKE_CXX_FLAGS_DEBUG
CMAKE_CXX_FLAGS_DEBUG-ADVANCED:INTERNAL=1
//ADVANCED property for variable: CMAKE_CXX_FLAGS_MINSIZEREL
CMAKE_CXX_FLAGS_MINSIZEREL-ADVANCED:INTERNAL=1
//ADVANCED property for variable: CMAKE_CXX_FLAGS_RELEASE
CMAKE_CXX_FLAGS_RELEASE-ADVANCED:INTERNAL=1
//ADVANCED property for variable: CMAKE_CXX_FLAGS_RELWITHDEBINFO
CMAKE_CXX_FLAGS_RELWITHDEBINFO-ADVANCED:INTERNAL=1
//ADVANCED property for variable: CMAKE_C_COMPILER
CMAKE_C_COMPILER-ADVANCED:INTERNAL=1
//ADVANCED property for variable: CMAKE_C_COMPILER_AR
CMAKE_C_COMPILER_AR-ADVANCED:INTERNAL=1
//ADVANCED property for variable: CMAKE_C_COMPILER_RANLIB
CMAKE_C_COMPILER_RANLIB-ADVANCED:INTERNAL=1
//ADVANCED property for variable: CMAKE_C_FLAGS
CMAKE_C_FLAGS-ADVANCED:INTERNAL=1
//ADVANCED property for variable: CMAKE_C_FLAGS_DEBUG
CMAKE_C_FLAGS_DEBUG-ADVANCED:INTERNAL=1
//ADVANCED property for variable: CMAKE_C_FLAGS_MINSIZEREL
CMAKE_C_FLAGS_MINSIZEREL-ADVANCED:INTERNAL=1
//ADVANCED property for variable: CMAKE_C_FLAGS_RELEASE
CMAKE_C_FLAGS_RELEASE-ADVANCED:INTERNAL=1
//ADVANCED property for variable: CMAKE_C_FLAGS_RELWITHDEBINFO
CMAKE_C_FLAGS_RELWITHDEBINFO-ADVANCED:INTERNAL=1
//ADVANCED property for variable: CMAKE_DLLTOOL
CMAKE_DLLTOOL-ADVANCED:INTERNAL=1
//Executable file format
CMAKE_EXECUTABLE_FORMAT:INTERNAL=ELF
//ADVANCED property for variable: CMAKE_EXE_LINKER_FLAGS
CMAKE_EXE_LINKER_FLAGS-ADVANCED:INTERNAL=1
//ADVANCED property for variable: CMAKE_EXE_LINKER_FLAGS_DEBUG
CMAKE_EXE_LINKER_FLAGS_DEBUG-ADVANCED:INTERNAL=1
//ADVANCED property for variable: CMAKE_EXE_LINKER_FLAGS_MINSIZEREL
CMAKE_EXE_LINKER_FLAGS_MINSIZEREL-ADVANCED:INTERNAL=1
//ADVANCED property for variable: CMAKE_EXE_LINKER_FLAGS_RELEASE
CMAKE_EXE_LINKER_FLAGS_RELEASE-ADVANCED:INTERNAL=1
//ADVANCED property for variable: CMAKE_EXE_LINKER_FLAGS_RELWITHDEBINFO
CMAKE_EXE_LINKER_FLAGS_RELWITHDEBINFO-ADVANCED:INTERNAL=1
//ADVANCED property for variable: CMAKE_EXPORT_COMPILE_COMMANDS
CMAKE_EXPORT_COMPILE_COMMANDS-ADVANCED:INTERNAL=1
//Name of external makefile project generator.
CMAKE_EXTRA_GENERATOR:INTERNAL=
//Name of generator.
CMAKE_GENERATOR:INTERNAL=Unix Makefiles
//Generator instance identifier.
CMAKE_GENERATOR_INSTANCE:INTERNAL=
//Name of generator platform.
CMAKE_GENERATOR_PLATFORM:INTERNAL=
//Name of generator toolset.
CMAKE_GENERATOR_TOOLSET:INTERNAL=
//Test CMAKE_HAVE_LIBC_PTHREAD
CMAKE_HAVE_LIBC_PTHREAD:INTERNAL=1
//Source directory with the top level CMakeLists.txt file for this
// project
CMAKE_HOME_DIRECTORY:INTERNAL=/home/darsh/ros2_ws/src/UR3_ROS2_PICK_AND_PLACE/moveit_task_constructor/core
//ADVANCED property for variable: CMAKE_INSTALL_BINDIR
CMAKE_INSTALL_BINDIR-ADVANCED:INTERNAL=1
//ADVANCED property for variable: CMAKE_INSTALL_DATADIR
CMAKE_INSTALL_DATADIR-ADVANCED:INTERNAL=1
//ADVANCED property for variable: CMAKE_INSTALL_DATAROOTDIR
CMAKE_INSTALL_DATAROOTDIR-ADVANCED:INTERNAL=1
//ADVANCED property for variable: CMAKE_INSTALL_DOCDIR
CMAKE_INSTALL_DOCDIR-ADVANCED:INTERNAL=1
//ADVANCED property for variable: CMAKE_INSTALL_INFODIR
CMAKE_INSTALL_INFODIR-ADVANCED:INTERNAL=1
//ADVANCED property for variable: CMAKE_INSTALL_LIBDIR
CMAKE_INSTALL_LIBDIR-ADVANCED:INTERNAL=1
//ADVANCED property for variable: CMAKE_INSTALL_LIBEXECDIR
CMAKE_INSTALL_LIBEXECDIR-ADVANCED:INTERNAL=1
//ADVANCED property for variable: CMAKE_INSTALL_LOCALEDIR
CMAKE_INSTALL_LOCALEDIR-ADVANCED:INTERNAL=1
//ADVANCED property for variable: CMAKE_INSTALL_LOCALSTATEDIR
CMAKE_INSTALL_LOCALSTATEDIR-ADVANCED:INTERNAL=1
//ADVANCED property for variable: CMAKE_INSTALL_MANDIR
CMAKE_INSTALL_MANDIR-ADVANCED:INTERNAL=1
//ADVANCED property for variable: CMAKE_INSTALL_OLDINCLUDEDIR
CMAKE_INSTALL_OLDINCLUDEDIR-ADVANCED:INTERNAL=1
//ADVANCED property for variable: CMAKE_INSTALL_RUNSTATEDIR
CMAKE_INSTALL_RUNSTATEDIR-ADVANCED:INTERNAL=1
//ADVANCED property for variable: CMAKE_INSTALL_SBINDIR
CMAKE_INSTALL_SBINDIR-ADVANCED:INTERNAL=1
//ADVANCED property for variable: CMAKE_INSTALL_SHAREDSTATEDIR
CMAKE_INSTALL_SHAREDSTATEDIR-ADVANCED:INTERNAL=1
//Install .so files without execute permission.
CMAKE_INSTALL_SO_NO_EXE:INTERNAL=1
//ADVANCED property for variable: CMAKE_INSTALL_SYSCONFDIR
CMAKE_INSTALL_SYSCONFDIR-ADVANCED:INTERNAL=1
//ADVANCED property for variable: CMAKE_LINKER
CMAKE_LINKER-ADVANCED:INTERNAL=1
//ADVANCED property for variable: CMAKE_MAKE_PROGRAM
CMAKE_MAKE_PROGRAM-ADVANCED:INTERNAL=1
//ADVANCED property for variable: CMAKE_MODULE_LINKER_FLAGS
CMAKE_MODULE_LINKER_FLAGS-ADVANCED:INTERNAL=1
//ADVANCED property for variable: CMAKE_MODULE_LINKER_FLAGS_DEBUG
CMAKE_MODULE_LINKER_FLAGS_DEBUG-ADVANCED:INTERNAL=1
//ADVANCED property for variable: CMAKE_MODULE_LINKER_FLAGS_MINSIZEREL
CMAKE_MODULE_LINKER_FLAGS_MINSIZEREL-ADVANCED:INTERNAL=1
//ADVANCED property for variable: CMAKE_MODULE_LINKER_FLAGS_RELEASE
CMAKE_MODULE_LINKER_FLAGS_RELEASE-ADVANCED:INTERNAL=1
//ADVANCED property for variable: CMAKE_MODULE_LINKER_FLAGS_RELWITHDEBINFO
CMAKE_MODULE_LINKER_FLAGS_RELWITHDEBINFO-ADVANCED:INTERNAL=1
//ADVANCED property for variable: CMAKE_NM
CMAKE_NM-ADVANCED:INTERNAL=1
//number of local generators
CMAKE_NUMBER_OF_MAKEFILES:INTERNAL=9
//ADVANCED property for variable: CMAKE_OBJCOPY
CMAKE_OBJCOPY-ADVANCED:INTERNAL=1
//ADVANCED property for variable: CMAKE_OBJDUMP
CMAKE_OBJDUMP-ADVANCED:INTERNAL=1
//Platform information initialized
CMAKE_PLATFORM_INFO_INITIALIZED:INTERNAL=1
//ADVANCED property for variable: CMAKE_RANLIB
CMAKE_RANLIB-ADVANCED:INTERNAL=1
//ADVANCED property for variable: CMAKE_READELF
CMAKE_READELF-ADVANCED:INTERNAL=1
//Path to CMake installation.
CMAKE_ROOT:INTERNAL=/usr/share/cmake-3.28
//ADVANCED property for variable: CMAKE_SHARED_LINKER_FLAGS
CMAKE_SHARED_LINKER_FLAGS-ADVANCED:INTERNAL=1
//ADVANCED property for variable: CMAKE_SHARED_LINKER_FLAGS_DEBUG
CMAKE_SHARED_LINKER_FLAGS_DEBUG-ADVANCED:INTERNAL=1
//ADVANCED property for variable: CMAKE_SHARED_LINKER_FLAGS_MINSIZEREL
CMAKE_SHARED_LINKER_FLAGS_MINSIZEREL-ADVANCED:INTERNAL=1
//ADVANCED property for variable: CMAKE_SHARED_LINKER_FLAGS_RELEASE
CMAKE_SHARED_LINKER_FLAGS_RELEASE-ADVANCED:INTERNAL=1
//ADVANCED property for variable: CMAKE_SHARED_LINKER_FLAGS_RELWITHDEBINFO
CMAKE_SHARED_LINKER_FLAGS_RELWITHDEBINFO-ADVANCED:INTERNAL=1
//ADVANCED property for variable: CMAKE_SKIP_INSTALL_RPATH
CMAKE_SKIP_INSTALL_RPATH-ADVANCED:INTERNAL=1
//ADVANCED property for variable: CMAKE_SKIP_RPATH
CMAKE_SKIP_RPATH-ADVANCED:INTERNAL=1
//ADVANCED property for variable: CMAKE_STATIC_LINKER_FLAGS
CMAKE_STATIC_LINKER_FLAGS-ADVANCED:INTERNAL=1
//ADVANCED property for variable: CMAKE_STATIC_LINKER_FLAGS_DEBUG
CMAKE_STATIC_LINKER_FLAGS_DEBUG-ADVANCED:INTERNAL=1
//ADVANCED property for variable: CMAKE_STATIC_LINKER_FLAGS_MINSIZEREL
CMAKE_STATIC_LINKER_FLAGS_MINSIZEREL-ADVANCED:INTERNAL=1
//ADVANCED property for variable: CMAKE_STATIC_LINKER_FLAGS_RELEASE
CMAKE_STATIC_LINKER_FLAGS_RELEASE-ADVANCED:INTERNAL=1
//ADVANCED property for variable: CMAKE_STATIC_LINKER_FLAGS_RELWITHDEBINFO
CMAKE_STATIC_LINKER_FLAGS_RELWITHDEBINFO-ADVANCED:INTERNAL=1
//ADVANCED property for variable: CMAKE_STRIP
CMAKE_STRIP-ADVANCED:INTERNAL=1
//ADVANCED property for variable: CMAKE_TAPI
CMAKE_TAPI-ADVANCED:INTERNAL=1
//uname command
CMAKE_UNAME:INTERNAL=/usr/bin/uname
//ADVANCED property for variable: CMAKE_VERBOSE_MAKEFILE
CMAKE_VERBOSE_MAKEFILE-ADVANCED:INTERNAL=1
//Details about finding Boost
FIND_PACKAGE_MESSAGE_DETAILS_Boost:INTERNAL=[/usr/lib/x86_64-linux-gnu/cmake/Boost-1.83.0/BoostConfig.cmake][cfound components: system filesystem date_time program_options thread ][v1.83.0()]
//Details about finding Eigen3
FIND_PACKAGE_MESSAGE_DETAILS_Eigen3:INTERNAL=[1][v3.4.0()]
//Details about finding FastRTPS
FIND_PACKAGE_MESSAGE_DETAILS_FastRTPS:INTERNAL=[/opt/ros/jazzy/include][/opt/ros/jazzy/lib/libfastrtps.so;/opt/ros/jazzy/lib/libfastcdr.so][v(2.13)]
//Details about finding OpenSSL
FIND_PACKAGE_MESSAGE_DETAILS_OpenSSL:INTERNAL=[/usr/lib/x86_64-linux-gnu/libcrypto.so][/usr/include][c ][v3.0.13()]
//Details about finding PYTHON
FIND_PACKAGE_MESSAGE_DETAILS_PYTHON:INTERNAL=/usr/bin/python33.12.3
//Details about finding Python3
FIND_PACKAGE_MESSAGE_DETAILS_Python3:INTERNAL=[/usr/bin/python3][cfound components: Interpreter ][v3.12.3()]
//Details about finding PythonExtra
FIND_PACKAGE_MESSAGE_DETAILS_PythonExtra:INTERNAL=[/usr/bin/python3][/usr/bin/python3][v()]
//Details about finding PythonInterp
FIND_PACKAGE_MESSAGE_DETAILS_PythonInterp:INTERNAL=[/usr/bin/python3][v3.12.3(3.6)]
//Details about finding Threads
FIND_PACKAGE_MESSAGE_DETAILS_Threads:INTERNAL=[TRUE][v()]
GMOCK_FROM_SOURCE_BASE_DIR:INTERNAL=/opt/ros/jazzy/src/gmock_vendor
GMOCK_FROM_SOURCE_FOUND:INTERNAL=TRUE
GMOCK_FROM_SOURCE_INCLUDE_DIRS:INTERNAL=/opt/ros/jazzy/src/gmock_vendor/include
GMOCK_FROM_SOURCE_LIBRARIES:INTERNAL=gmock
GMOCK_FROM_SOURCE_LIBRARY_DIRS:INTERNAL=/home/darsh/ros2_ws/src/UR3_ROS2_PICK_AND_PLACE/build/moveit_task_constructor_core/gmock
GMOCK_FROM_SOURCE_MAIN_LIBRARIES:INTERNAL=gmock_main
GTEST_FROM_SOURCE_BASE_DIR:INTERNAL=/opt/ros/jazzy/src/gtest_vendor
GTEST_FROM_SOURCE_FOUND:INTERNAL=TRUE
GTEST_FROM_SOURCE_INCLUDE_DIRS:INTERNAL=/opt/ros/jazzy/src/gtest_vendor/include
GTEST_FROM_SOURCE_LIBRARIES:INTERNAL=gtest
GTEST_FROM_SOURCE_LIBRARY_DIRS:INTERNAL=/home/darsh/ros2_ws/src/UR3_ROS2_PICK_AND_PLACE/build/moveit_task_constructor_core/gtest
GTEST_FROM_SOURCE_MAIN_LIBRARIES:INTERNAL=gtest_main
//Test HAS_FLTO
HAS_FLTO:INTERNAL=1
//ADVANCED property for variable: OPENSSL_CRYPTO_LIBRARY
OPENSSL_CRYPTO_LIBRARY-ADVANCED:INTERNAL=1
//ADVANCED property for variable: OPENSSL_INCLUDE_DIR
OPENSSL_INCLUDE_DIR-ADVANCED:INTERNAL=1
//ADVANCED property for variable: OPENSSL_SSL_LIBRARY
OPENSSL_SSL_LIBRARY-ADVANCED:INTERNAL=1
//ADVANCED property for variable: PKG_CONFIG_ARGN
PKG_CONFIG_ARGN-ADVANCED:INTERNAL=1
//ADVANCED property for variable: PKG_CONFIG_EXECUTABLE
PKG_CONFIG_EXECUTABLE-ADVANCED:INTERNAL=1
//install path for pybind11 cmake files
PYBIND11_CMAKECONFIG_INSTALL_DIR:INTERNAL=share/moveit_task_constructor_core/cmake
PYBIND11_INCLUDE_DIR:INTERNAL=/home/darsh/ros2_ws/src/UR3_ROS2_PICK_AND_PLACE/moveit_task_constructor/core/python/pybind11/include
//Install pybind11 header files?
PYBIND11_INSTALL:INTERNAL=ON
//ADVANCED property for variable: PYTHON_EXECUTABLE
PYTHON_EXECUTABLE-ADVANCED:INTERNAL=1
PYTHON_INCLUDE_DIRS:INTERNAL=/usr/include/python3.12
//The directory for Python library installation. This needs to
// be in PYTHONPATH when 'setup.py install' is called.
PYTHON_INSTALL_DIR:INTERNAL=lib/python3.12/site-packages
PYTHON_IS_DEBUG:INTERNAL=0
PYTHON_LIBRARIES:INTERNAL=/usr/lib/x86_64-linux-gnu/libpython3.12.so
//ADVANCED property for variable: PYTHON_LIBRARY
PYTHON_LIBRARY-ADVANCED:INTERNAL=1
PYTHON_MODULE_DEBUG_POSTFIX:INTERNAL=
PYTHON_MODULE_EXTENSION:INTERNAL=.cpython-312-x86_64-linux-gnu.so
PYTHON_MODULE_PREFIX:INTERNAL=
PYTHON_VERSION:INTERNAL=3.12.3
PYTHON_VERSION_MAJOR:INTERNAL=3
PYTHON_VERSION_MINOR:INTERNAL=12
Python_ADDITIONAL_VERSIONS:INTERNAL=3.12;3.11;3.10;3.9;3.8;3.7;3.6
//linker supports push/pop state
_CMAKE_LINKER_PUSHPOP_STATE_SUPPORTED:INTERNAL=TRUE
//CMAKE_INSTALL_PREFIX during last run
_GNUInstallDirs_LAST_CMAKE_INSTALL_PREFIX:INTERNAL=/home/darsh/ros2_ws/src/UR3_ROS2_PICK_AND_PLACE/install/moveit_task_constructor_core
_OPENSSL_CFLAGS:INTERNAL=-I/usr/include
_OPENSSL_CFLAGS_I:INTERNAL=
_OPENSSL_CFLAGS_OTHER:INTERNAL=
_OPENSSL_FOUND:INTERNAL=1
_OPENSSL_INCLUDEDIR:INTERNAL=/usr/include
_OPENSSL_INCLUDE_DIRS:INTERNAL=/usr/include
_OPENSSL_LDFLAGS:INTERNAL=-L/usr/lib/x86_64-linux-gnu;-lssl;-lcrypto
_OPENSSL_LDFLAGS_OTHER:INTERNAL=
_OPENSSL_LIBDIR:INTERNAL=/usr/lib/x86_64-linux-gnu
_OPENSSL_LIBRARIES:INTERNAL=ssl;crypto
_OPENSSL_LIBRARY_DIRS:INTERNAL=/usr/lib/x86_64-linux-gnu
_OPENSSL_LIBS:INTERNAL=
_OPENSSL_LIBS_L:INTERNAL=
_OPENSSL_LIBS_OTHER:INTERNAL=
_OPENSSL_LIBS_PATHS:INTERNAL=
_OPENSSL_MODULE_NAME:INTERNAL=openssl
_OPENSSL_PREFIX:INTERNAL=/usr
_OPENSSL_STATIC_CFLAGS:INTERNAL=-I/usr/include
_OPENSSL_STATIC_CFLAGS_I:INTERNAL=
_OPENSSL_STATIC_CFLAGS_OTHER:INTERNAL=
_OPENSSL_STATIC_INCLUDE_DIRS:INTERNAL=/usr/include
_OPENSSL_STATIC_LDFLAGS:INTERNAL=-L/usr/lib/x86_64-linux-gnu;-lssl;-L/usr/lib/x86_64-linux-gnu;-ldl;-pthread;-lcrypto;-ldl;-pthread
_OPENSSL_STATIC_LDFLAGS_OTHER:INTERNAL=-pthread;-pthread
_OPENSSL_STATIC_LIBDIR:INTERNAL=
_OPENSSL_STATIC_LIBRARIES:INTERNAL=ssl;dl;crypto;dl
_OPENSSL_STATIC_LIBRARY_DIRS:INTERNAL=/usr/lib/x86_64-linux-gnu;/usr/lib/x86_64-linux-gnu
_OPENSSL_STATIC_LIBS:INTERNAL=
_OPENSSL_STATIC_LIBS_L:INTERNAL=
_OPENSSL_STATIC_LIBS_OTHER:INTERNAL=
_OPENSSL_STATIC_LIBS_PATHS:INTERNAL=
_OPENSSL_VERSION:INTERNAL=3.0.13
_OPENSSL_openssl_INCLUDEDIR:INTERNAL=
_OPENSSL_openssl_LIBDIR:INTERNAL=
_OPENSSL_openssl_PREFIX:INTERNAL=
_OPENSSL_openssl_VERSION:INTERNAL=
_Python:INTERNAL=PYTHON
//Compiler reason failure
_Python3_Compiler_REASON_FAILURE:INTERNAL=
_Python3_DEVELOPMENT_EMBED_SIGNATURE:INTERNAL=ca5d01059675c54b1df9ae9ce33468c1
_Python3_DEVELOPMENT_MODULE_SIGNATURE:INTERNAL=95a6b3a905b31a053078ff046e537c6d
//Development reason failure
_Python3_Development_REASON_FAILURE:INTERNAL=
_Python3_EXECUTABLE:INTERNAL=/usr/bin/python3
//Path to a file.
_Python3_INCLUDE_DIR:INTERNAL=/usr/include/python3.12
//Python3 Properties
_Python3_INTERPRETER_PROPERTIES:INTERNAL=Python;3;12;3;64;;cpython-312-x86_64-linux-gnu;abi3;/usr/lib/python3.12;/usr/lib/python3.12;/usr/local/lib/python3.12/dist-packages;/usr/local/lib/python3.12/dist-packages
_Python3_INTERPRETER_SIGNATURE:INTERNAL=4c8bfa8951e99fa32e4000a94f8c04a2
//Interpreter reason failure
_Python3_Interpreter_REASON_FAILURE:INTERNAL=
//Path to a library.
_Python3_LIBRARY_RELEASE:INTERNAL=/usr/lib/x86_64-linux-gnu/libpython3.12.so
//NumPy reason failure
_Python3_NumPy_REASON_FAILURE:INTERNAL=
__pkg_config_arguments__OPENSSL:INTERNAL=QUIET;openssl
__pkg_config_checked__OPENSSL:INTERNAL=1
//ADVANCED property for variable: boost_atomic_DIR
boost_atomic_DIR-ADVANCED:INTERNAL=1
//ADVANCED property for variable: boost_chrono_DIR
boost_chrono_DIR-ADVANCED:INTERNAL=1
//ADVANCED property for variable: boost_date_time_DIR
boost_date_time_DIR-ADVANCED:INTERNAL=1
//ADVANCED property for variable: boost_filesystem_DIR
boost_filesystem_DIR-ADVANCED:INTERNAL=1
//ADVANCED property for variable: boost_headers_DIR
boost_headers_DIR-ADVANCED:INTERNAL=1
//ADVANCED property for variable: boost_iostreams_DIR
boost_iostreams_DIR-ADVANCED:INTERNAL=1
//ADVANCED property for variable: boost_program_options_DIR
boost_program_options_DIR-ADVANCED:INTERNAL=1
//ADVANCED property for variable: boost_regex_DIR
boost_regex_DIR-ADVANCED:INTERNAL=1
//ADVANCED property for variable: boost_serialization_DIR
boost_serialization_DIR-ADVANCED:INTERNAL=1
//ADVANCED property for variable: boost_system_DIR
boost_system_DIR-ADVANCED:INTERNAL=1
//ADVANCED property for variable: boost_thread_DIR
boost_thread_DIR-ADVANCED:INTERNAL=1
//ADVANCED property for variable: pkgcfg_lib__OPENSSL_crypto
pkgcfg_lib__OPENSSL_crypto-ADVANCED:INTERNAL=1
//ADVANCED property for variable: pkgcfg_lib__OPENSSL_ssl
pkgcfg_lib__OPENSSL_ssl-ADVANCED:INTERNAL=1
prefix_result:INTERNAL=/usr/lib/x86_64-linux-gnu
//True if pybind11 and all required components found on the system
pybind11_FOUND:INTERNAL=TRUE
//Directory where pybind11 headers are located
pybind11_INCLUDE_DIR:INTERNAL=/home/darsh/ros2_ws/src/UR3_ROS2_PICK_AND_PLACE/moveit_task_constructor/core/python/pybind11/include
//Directories where pybind11 and possibly Python headers are located
pybind11_INCLUDE_DIRS:INTERNAL=/home/darsh/ros2_ws/src/UR3_ROS2_PICK_AND_PLACE/moveit_task_constructor/core/python/pybind11/include;/usr/include/python3.12

